<?xml version="1.0" encoding="utf-8"?><testsuites name="pytest tests"><testsuite name="pytest" errors="78" failures="139" skipped="0" tests="232" time="112.630" timestamp="2025-08-08T21:10:31.816010+01:00" hostname="Nevess"><testcase classname="tests.unit.test_api_routes.TestAuthRoutes" name="test_register_success" time="0.235"><failure message="AttributeError: module 'app' has no attribute 'routes'">tests\unit\test_api_routes.py:24: in test_register_success
    with patch('app.routes.auth.AuthService') as mock_auth_service:
         ^^^^^^^^^^^^^^^^^^^^^^^^^^^^^^^^^^^^
..\..\..\AppData\Local\Programs\Python\Python313\Lib\unittest\mock.py:1481: in __enter__
    self.target = self.getter()
                  ^^^^^^^^^^^^^
..\..\..\AppData\Local\Programs\Python\Python313\Lib\pkgutil.py:528: in resolve_name
    result = getattr(result, p)
             ^^^^^^^^^^^^^^^^^^
E   AttributeError: module 'app' has no attribute 'routes'</failure></testcase><testcase classname="tests.unit.test_api_routes.TestAuthRoutes" name="test_register_validation_error" time="0.013"><failure message="KeyError: 'success'">tests\unit\test_api_routes.py:54: in test_register_validation_error
    assert data['success'] is False
           ^^^^^^^^^^^^^^^
E   KeyError: 'success'</failure></testcase><testcase classname="tests.unit.test_api_routes.TestAuthRoutes" name="test_register_duplicate_user" time="0.004"><failure message="AttributeError: module 'app' has no attribute 'routes'">tests\unit\test_api_routes.py:65: in test_register_duplicate_user
    with patch('app.routes.auth.AuthService') as mock_auth_service:
         ^^^^^^^^^^^^^^^^^^^^^^^^^^^^^^^^^^^^
..\..\..\AppData\Local\Programs\Python\Python313\Lib\unittest\mock.py:1481: in __enter__
    self.target = self.getter()
                  ^^^^^^^^^^^^^
..\..\..\AppData\Local\Programs\Python\Python313\Lib\pkgutil.py:528: in resolve_name
    result = getattr(result, p)
             ^^^^^^^^^^^^^^^^^^
E   AttributeError: module 'app' has no attribute 'routes'</failure></testcase><testcase classname="tests.unit.test_api_routes.TestAuthRoutes" name="test_login_success" time="0.010"><failure message="AttributeError: module 'app' has no attribute 'routes'">tests\unit\test_api_routes.py:87: in test_login_success
    with patch('app.routes.auth.AuthService') as mock_auth_service:
         ^^^^^^^^^^^^^^^^^^^^^^^^^^^^^^^^^^^^
..\..\..\AppData\Local\Programs\Python\Python313\Lib\unittest\mock.py:1481: in __enter__
    self.target = self.getter()
                  ^^^^^^^^^^^^^
..\..\..\AppData\Local\Programs\Python\Python313\Lib\pkgutil.py:528: in resolve_name
    result = getattr(result, p)
             ^^^^^^^^^^^^^^^^^^
E   AttributeError: module 'app' has no attribute 'routes'</failure></testcase><testcase classname="tests.unit.test_api_routes.TestAuthRoutes" name="test_login_invalid_credentials" time="0.003"><failure message="AttributeError: module 'app' has no attribute 'routes'">tests\unit\test_api_routes.py:111: in test_login_invalid_credentials
    with patch('app.routes.auth.AuthService') as mock_auth_service:
         ^^^^^^^^^^^^^^^^^^^^^^^^^^^^^^^^^^^^
..\..\..\AppData\Local\Programs\Python\Python313\Lib\unittest\mock.py:1481: in __enter__
    self.target = self.getter()
                  ^^^^^^^^^^^^^
..\..\..\AppData\Local\Programs\Python\Python313\Lib\pkgutil.py:528: in resolve_name
    result = getattr(result, p)
             ^^^^^^^^^^^^^^^^^^
E   AttributeError: module 'app' has no attribute 'routes'</failure></testcase><testcase classname="tests.unit.test_api_routes.TestAuthRoutes" name="test_logout_success" time="0.600"><error message="failed on setup with &quot;assert 404 == 200&#10; +  where 404 = &lt;WrapperTestResponse streamed [404 NOT FOUND]&gt;.status_code&quot;">tests\conftest.py:162: in auth_headers
    assert response.status_code == 200
E   assert 404 == 200
E    +  where 404 = &lt;WrapperTestResponse streamed [404 NOT FOUND]&gt;.status_code</error></testcase><testcase classname="tests.unit.test_api_routes.TestAuthRoutes" name="test_profile_get" time="0.630"><error message="failed on setup with &quot;assert 404 == 200&#10; +  where 404 = &lt;WrapperTestResponse streamed [404 NOT FOUND]&gt;.status_code&quot;">tests\conftest.py:162: in auth_headers
    assert response.status_code == 200
E   assert 404 == 200
E    +  where 404 = &lt;WrapperTestResponse streamed [404 NOT FOUND]&gt;.status_code</error></testcase><testcase classname="tests.unit.test_api_routes.TestAuthRoutes" name="test_profile_update" time="0.516"><error message="failed on setup with &quot;assert 404 == 200&#10; +  where 404 = &lt;WrapperTestResponse streamed [404 NOT FOUND]&gt;.status_code&quot;">tests\conftest.py:162: in auth_headers
    assert response.status_code == 200
E   assert 404 == 200
E    +  where 404 = &lt;WrapperTestResponse streamed [404 NOT FOUND]&gt;.status_code</error></testcase><testcase classname="tests.unit.test_api_routes.TestBotRoutes" name="test_create_bot_success" time="0.723"><error message="failed on setup with &quot;assert 404 == 200&#10; +  where 404 = &lt;WrapperTestResponse streamed [404 NOT FOUND]&gt;.status_code&quot;">tests\conftest.py:162: in auth_headers
    assert response.status_code == 200
E   assert 404 == 200
E    +  where 404 = &lt;WrapperTestResponse streamed [404 NOT FOUND]&gt;.status_code</error></testcase><testcase classname="tests.unit.test_api_routes.TestBotRoutes" name="test_get_bots_list" time="0.572"><error message="failed on setup with &quot;assert 404 == 200&#10; +  where 404 = &lt;WrapperTestResponse streamed [404 NOT FOUND]&gt;.status_code&quot;">tests\conftest.py:162: in auth_headers
    assert response.status_code == 200
E   assert 404 == 200
E    +  where 404 = &lt;WrapperTestResponse streamed [404 NOT FOUND]&gt;.status_code</error></testcase><testcase classname="tests.unit.test_api_routes.TestBotRoutes" name="test_get_bot_details" time="0.609"><error message="failed on setup with &quot;assert 404 == 200&#10; +  where 404 = &lt;WrapperTestResponse streamed [404 NOT FOUND]&gt;.status_code&quot;">tests\conftest.py:162: in auth_headers
    assert response.status_code == 200
E   assert 404 == 200
E    +  where 404 = &lt;WrapperTestResponse streamed [404 NOT FOUND]&gt;.status_code</error></testcase><testcase classname="tests.unit.test_api_routes.TestBotRoutes" name="test_start_bot" time="0.543"><error message="failed on setup with &quot;assert 404 == 200&#10; +  where 404 = &lt;WrapperTestResponse streamed [404 NOT FOUND]&gt;.status_code&quot;">tests\conftest.py:162: in auth_headers
    assert response.status_code == 200
E   assert 404 == 200
E    +  where 404 = &lt;WrapperTestResponse streamed [404 NOT FOUND]&gt;.status_code</error></testcase><testcase classname="tests.unit.test_api_routes.TestBotRoutes" name="test_stop_bot" time="0.530"><error message="failed on setup with &quot;assert 404 == 200&#10; +  where 404 = &lt;WrapperTestResponse streamed [404 NOT FOUND]&gt;.status_code&quot;">tests\conftest.py:162: in auth_headers
    assert response.status_code == 200
E   assert 404 == 200
E    +  where 404 = &lt;WrapperTestResponse streamed [404 NOT FOUND]&gt;.status_code</error></testcase><testcase classname="tests.unit.test_api_routes.TestBotRoutes" name="test_delete_bot" time="0.473"><error message="failed on setup with &quot;assert 404 == 200&#10; +  where 404 = &lt;WrapperTestResponse streamed [404 NOT FOUND]&gt;.status_code&quot;">tests\conftest.py:162: in auth_headers
    assert response.status_code == 200
E   assert 404 == 200
E    +  where 404 = &lt;WrapperTestResponse streamed [404 NOT FOUND]&gt;.status_code</error></testcase><testcase classname="tests.unit.test_api_routes.TestBotRoutes" name="test_bot_unauthorized_access" time="0.576"><error message="failed on setup with &quot;TypeError: __init__() missing 2 required positional arguments: 'symbol' and 'base_amount'&quot;">tests\conftest.py:232: in test_bot
    bot = Bot(
E   TypeError: __init__() missing 2 required positional arguments: 'symbol' and 'base_amount'</error></testcase><testcase classname="tests.unit.test_api_routes.TestTradingRoutes" name="test_execute_trade" time="0.508"><error message="failed on setup with &quot;assert 404 == 200&#10; +  where 404 = &lt;WrapperTestResponse streamed [404 NOT FOUND]&gt;.status_code&quot;">tests\conftest.py:162: in auth_headers
    assert response.status_code == 200
E   assert 404 == 200
E    +  where 404 = &lt;WrapperTestResponse streamed [404 NOT FOUND]&gt;.status_code</error></testcase><testcase classname="tests.unit.test_api_routes.TestTradingRoutes" name="test_get_trade_history" time="0.505"><error message="failed on setup with &quot;assert 404 == 200&#10; +  where 404 = &lt;WrapperTestResponse streamed [404 NOT FOUND]&gt;.status_code&quot;">tests\conftest.py:162: in auth_headers
    assert response.status_code == 200
E   assert 404 == 200
E    +  where 404 = &lt;WrapperTestResponse streamed [404 NOT FOUND]&gt;.status_code</error></testcase><testcase classname="tests.unit.test_api_routes.TestTradingRoutes" name="test_get_market_data" time="0.786"><error message="failed on setup with &quot;assert 404 == 200&#10; +  where 404 = &lt;WrapperTestResponse streamed [404 NOT FOUND]&gt;.status_code&quot;">tests\conftest.py:162: in auth_headers
    assert response.status_code == 200
E   assert 404 == 200
E    +  where 404 = &lt;WrapperTestResponse streamed [404 NOT FOUND]&gt;.status_code</error></testcase><testcase classname="tests.unit.test_api_routes.TestAnalyticsRoutes" name="test_get_bot_performance" time="0.801"><error message="failed on setup with &quot;assert 404 == 200&#10; +  where 404 = &lt;WrapperTestResponse streamed [404 NOT FOUND]&gt;.status_code&quot;">tests\conftest.py:162: in auth_headers
    assert response.status_code == 200
E   assert 404 == 200
E    +  where 404 = &lt;WrapperTestResponse streamed [404 NOT FOUND]&gt;.status_code</error></testcase><testcase classname="tests.unit.test_api_routes.TestAnalyticsRoutes" name="test_get_portfolio_summary" time="0.768"><error message="failed on setup with &quot;assert 404 == 200&#10; +  where 404 = &lt;WrapperTestResponse streamed [404 NOT FOUND]&gt;.status_code&quot;">tests\conftest.py:162: in auth_headers
    assert response.status_code == 200
E   assert 404 == 200
E    +  where 404 = &lt;WrapperTestResponse streamed [404 NOT FOUND]&gt;.status_code</error></testcase><testcase classname="tests.unit.test_api_routes.TestErrorHandling" name="test_404_error" time="0.006" /><testcase classname="tests.unit.test_api_routes.TestErrorHandling" name="test_500_error" time="0.004"><failure message="AttributeError: module 'app' has no attribute 'routes'">tests\unit\test_api_routes.py:423: in test_500_error
    with patch('app.routes.auth.AuthService') as mock_auth_service:
         ^^^^^^^^^^^^^^^^^^^^^^^^^^^^^^^^^^^^
..\..\..\AppData\Local\Programs\Python\Python313\Lib\unittest\mock.py:1481: in __enter__
    self.target = self.getter()
                  ^^^^^^^^^^^^^
..\..\..\AppData\Local\Programs\Python\Python313\Lib\pkgutil.py:528: in resolve_name
    result = getattr(result, p)
             ^^^^^^^^^^^^^^^^^^
E   AttributeError: module 'app' has no attribute 'routes'</failure></testcase><testcase classname="tests.unit.test_api_routes.TestErrorHandling" name="test_validation_error" time="0.005"><failure message="json.decoder.JSONDecodeError: Expecting value: line 1 column 1 (char 0)">tests\unit\test_api_routes.py:442: in test_validation_error
    data = json.loads(response.data)
           ^^^^^^^^^^^^^^^^^^^^^^^^^
..\..\..\AppData\Local\Programs\Python\Python313\Lib\json\__init__.py:346: in loads
    return _default_decoder.decode(s)
           ^^^^^^^^^^^^^^^^^^^^^^^^^^
..\..\..\AppData\Local\Programs\Python\Python313\Lib\json\decoder.py:345: in decode
    obj, end = self.raw_decode(s, idx=_w(s, 0).end())
               ^^^^^^^^^^^^^^^^^^^^^^^^^^^^^^^^^^^^^^
..\..\..\AppData\Local\Programs\Python\Python313\Lib\json\decoder.py:363: in raw_decode
    raise JSONDecodeError("Expecting value", s, err.value) from None
E   json.decoder.JSONDecodeError: Expecting value: line 1 column 1 (char 0)</failure></testcase><testcase classname="tests.unit.test_auth_service.TestAuthService" name="test_register_user_success" time="0.110"><failure message="TypeError: AuthService.register_user() missing 2 required positional arguments: 'email' and 'password'">tests\unit\test_auth_service.py:28: in test_register_user_success
    result = auth_service.register_user(user_data)
             ^^^^^^^^^^^^^^^^^^^^^^^^^^^^^^^^^^^^^
E   TypeError: AuthService.register_user() missing 2 required positional arguments: 'email' and 'password'</failure></testcase><testcase classname="tests.unit.test_auth_service.TestAuthService" name="test_register_user_duplicate_username" time="0.629"><failure message="TypeError: AuthService.register_user() missing 2 required positional arguments: 'email' and 'password'">tests\unit\test_auth_service.py:52: in test_register_user_duplicate_username
    result = auth_service.register_user(user_data)
             ^^^^^^^^^^^^^^^^^^^^^^^^^^^^^^^^^^^^^
E   TypeError: AuthService.register_user() missing 2 required positional arguments: 'email' and 'password'</failure></testcase><testcase classname="tests.unit.test_auth_service.TestAuthService" name="test_register_user_duplicate_email" time="0.480"><failure message="TypeError: AuthService.register_user() missing 2 required positional arguments: 'email' and 'password'">tests\unit\test_auth_service.py:70: in test_register_user_duplicate_email
    result = auth_service.register_user(user_data)
             ^^^^^^^^^^^^^^^^^^^^^^^^^^^^^^^^^^^^^
E   TypeError: AuthService.register_user() missing 2 required positional arguments: 'email' and 'password'</failure></testcase><testcase classname="tests.unit.test_auth_service.TestAuthService" name="test_register_user_invalid_data" time="0.101"><failure message="TypeError: AuthService.register_user() missing 2 required positional arguments: 'email' and 'password'">tests\unit\test_auth_service.py:86: in test_register_user_invalid_data
    result = auth_service.register_user(user_data)
             ^^^^^^^^^^^^^^^^^^^^^^^^^^^^^^^^^^^^^
E   TypeError: AuthService.register_user() missing 2 required positional arguments: 'email' and 'password'</failure></testcase><testcase classname="tests.unit.test_auth_service.TestAuthService" name="test_login_user_success" time="0.699"><failure message="AttributeError: module 'app' has no attribute 'services'">tests\unit\test_auth_service.py:102: in test_login_user_success
    patch('app.services.auth_service.create_access_token') as mock_create_token:
    ^^^^^^^^^^^^^^^^^^^^^^^^^^^^^^^^^^^^^^^^^^^^^^^^^^^^^^
..\..\..\AppData\Local\Programs\Python\Python313\Lib\unittest\mock.py:1481: in __enter__
    self.target = self.getter()
                  ^^^^^^^^^^^^^
..\..\..\AppData\Local\Programs\Python\Python313\Lib\pkgutil.py:528: in resolve_name
    result = getattr(result, p)
             ^^^^^^^^^^^^^^^^^^
E   AttributeError: module 'app' has no attribute 'services'</failure></testcase><testcase classname="tests.unit.test_auth_service.TestAuthService" name="test_login_user_invalid_username" time="0.155"><failure message="AttributeError: 'AuthService' object has no attribute 'login_user'">tests\unit\test_auth_service.py:126: in test_login_user_invalid_username
    result = auth_service.login_user(login_data)
             ^^^^^^^^^^^^^^^^^^^^^^^
E   AttributeError: 'AuthService' object has no attribute 'login_user'</failure></testcase><testcase classname="tests.unit.test_auth_service.TestAuthService" name="test_login_user_invalid_password" time="0.630"><failure message="AttributeError: 'AuthService' object has no attribute 'login_user'">tests\unit\test_auth_service.py:145: in test_login_user_invalid_password
    result = auth_service.login_user(login_data)
             ^^^^^^^^^^^^^^^^^^^^^^^
E   AttributeError: 'AuthService' object has no attribute 'login_user'</failure></testcase><testcase classname="tests.unit.test_auth_service.TestAuthService" name="test_login_user_inactive_account" time="0.582"><failure message="AttributeError: 'AuthService' object has no attribute 'login_user'">tests\unit\test_auth_service.py:165: in test_login_user_inactive_account
    result = auth_service.login_user(login_data)
             ^^^^^^^^^^^^^^^^^^^^^^^
E   AttributeError: 'AuthService' object has no attribute 'login_user'</failure></testcase><testcase classname="tests.unit.test_auth_service.TestAuthService" name="test_validate_token_success" time="0.545"><failure message="AttributeError: module 'app' has no attribute 'services'">tests\unit\test_auth_service.py:174: in test_validate_token_success
    with patch('app.services.auth_service.decode_token') as mock_decode, \
         ^^^^^^^^^^^^^^^^^^^^^^^^^^^^^^^^^^^^^^^^^^^^^^^
..\..\..\AppData\Local\Programs\Python\Python313\Lib\unittest\mock.py:1481: in __enter__
    self.target = self.getter()
                  ^^^^^^^^^^^^^
..\..\..\AppData\Local\Programs\Python\Python313\Lib\pkgutil.py:528: in resolve_name
    result = getattr(result, p)
             ^^^^^^^^^^^^^^^^^^
E   AttributeError: module 'app' has no attribute 'services'</failure></testcase><testcase classname="tests.unit.test_auth_service.TestAuthService" name="test_validate_token_invalid" time="0.129"><failure message="AttributeError: module 'app' has no attribute 'services'">tests\unit\test_auth_service.py:189: in test_validate_token_invalid
    with patch('app.services.auth_service.decode_token') as mock_decode:
         ^^^^^^^^^^^^^^^^^^^^^^^^^^^^^^^^^^^^^^^^^^^^^^^
..\..\..\AppData\Local\Programs\Python\Python313\Lib\unittest\mock.py:1481: in __enter__
    self.target = self.getter()
                  ^^^^^^^^^^^^^
..\..\..\AppData\Local\Programs\Python\Python313\Lib\pkgutil.py:528: in resolve_name
    result = getattr(result, p)
             ^^^^^^^^^^^^^^^^^^
E   AttributeError: module 'app' has no attribute 'services'</failure></testcase><testcase classname="tests.unit.test_auth_service.TestAuthService" name="test_validate_token_user_not_found" time="0.095"><failure message="AttributeError: module 'app' has no attribute 'services'">tests\unit\test_auth_service.py:201: in test_validate_token_user_not_found
    with patch('app.services.auth_service.decode_token') as mock_decode, \
         ^^^^^^^^^^^^^^^^^^^^^^^^^^^^^^^^^^^^^^^^^^^^^^^
..\..\..\AppData\Local\Programs\Python\Python313\Lib\unittest\mock.py:1481: in __enter__
    self.target = self.getter()
                  ^^^^^^^^^^^^^
..\..\..\AppData\Local\Programs\Python\Python313\Lib\pkgutil.py:528: in resolve_name
    result = getattr(result, p)
             ^^^^^^^^^^^^^^^^^^
E   AttributeError: module 'app' has no attribute 'services'</failure></testcase><testcase classname="tests.unit.test_auth_service.TestAuthService" name="test_refresh_token_success" time="0.506"><failure message="AttributeError: module 'app' has no attribute 'services'">tests\unit\test_auth_service.py:216: in test_refresh_token_success
    with patch('app.services.auth_service.decode_token') as mock_decode, \
         ^^^^^^^^^^^^^^^^^^^^^^^^^^^^^^^^^^^^^^^^^^^^^^^
..\..\..\AppData\Local\Programs\Python\Python313\Lib\unittest\mock.py:1481: in __enter__
    self.target = self.getter()
                  ^^^^^^^^^^^^^
..\..\..\AppData\Local\Programs\Python\Python313\Lib\pkgutil.py:528: in resolve_name
    result = getattr(result, p)
             ^^^^^^^^^^^^^^^^^^
E   AttributeError: module 'app' has no attribute 'services'</failure></testcase><testcase classname="tests.unit.test_auth_service.TestAuthService" name="test_change_password_success" time="0.568"><failure message="TypeError: AuthService.change_password() missing 1 required positional argument: 'new_password'">tests\unit\test_auth_service.py:241: in test_change_password_success
    result = auth_service.change_password(test_user, password_data)
             ^^^^^^^^^^^^^^^^^^^^^^^^^^^^^^^^^^^^^^^^^^^^^^^^^^^^^^
E   TypeError: AuthService.change_password() missing 1 required positional argument: 'new_password'</failure></testcase><testcase classname="tests.unit.test_auth_service.TestAuthService" name="test_change_password_invalid_current" time="0.539"><failure message="TypeError: AuthService.change_password() missing 1 required positional argument: 'new_password'">tests\unit\test_auth_service.py:258: in test_change_password_invalid_current
    result = auth_service.change_password(test_user, password_data)
             ^^^^^^^^^^^^^^^^^^^^^^^^^^^^^^^^^^^^^^^^^^^^^^^^^^^^^^
E   TypeError: AuthService.change_password() missing 1 required positional argument: 'new_password'</failure></testcase><testcase classname="tests.unit.test_auth_service.TestAuthService" name="test_reset_password_request" time="0.640"><failure message="AttributeError: module 'app' has no attribute 'services'">tests\unit\test_auth_service.py:268: in test_reset_password_request
    patch('app.services.auth_service.send_reset_email') as mock_send:
    ^^^^^^^^^^^^^^^^^^^^^^^^^^^^^^^^^^^^^^^^^^^^^^^^^^^
..\..\..\AppData\Local\Programs\Python\Python313\Lib\unittest\mock.py:1481: in __enter__
    self.target = self.getter()
                  ^^^^^^^^^^^^^
..\..\..\AppData\Local\Programs\Python\Python313\Lib\pkgutil.py:528: in resolve_name
    result = getattr(result, p)
             ^^^^^^^^^^^^^^^^^^
E   AttributeError: module 'app' has no attribute 'services'</failure></testcase><testcase classname="tests.unit.test_auth_service.TestAuthService" name="test_reset_password_request_user_not_found" time="0.182"><failure message="AttributeError: 'AuthService' object has no attribute 'request_password_reset'">tests\unit\test_auth_service.py:285: in test_reset_password_request_user_not_found
    result = auth_service.request_password_reset('nonexistent@example.com')
             ^^^^^^^^^^^^^^^^^^^^^^^^^^^^^^^^^^^
E   AttributeError: 'AuthService' object has no attribute 'request_password_reset'</failure></testcase><testcase classname="tests.unit.test_auth_service.TestAuthService" name="test_logout_user" time="0.104"><failure message="AttributeError: module 'app' has no attribute 'services'">tests\unit\test_auth_service.py:294: in test_logout_user
    with patch('app.services.auth_service.blacklist_token') as mock_blacklist:
         ^^^^^^^^^^^^^^^^^^^^^^^^^^^^^^^^^^^^^^^^^^^^^^^^^^
..\..\..\AppData\Local\Programs\Python\Python313\Lib\unittest\mock.py:1481: in __enter__
    self.target = self.getter()
                  ^^^^^^^^^^^^^
..\..\..\AppData\Local\Programs\Python\Python313\Lib\pkgutil.py:528: in resolve_name
    result = getattr(result, p)
             ^^^^^^^^^^^^^^^^^^
E   AttributeError: module 'app' has no attribute 'services'</failure></testcase><testcase classname="tests.unit.test_auth_service.TestAuthService" name="test_get_user_profile" time="0.988"><failure message="AttributeError: 'AuthService' object has no attribute 'get_user_profile'. Did you mean: 'update_user_profile'?">tests\unit\test_auth_service.py:306: in test_get_user_profile
    profile = auth_service.get_user_profile(test_user)
              ^^^^^^^^^^^^^^^^^^^^^^^^^^^^^
E   AttributeError: 'AuthService' object has no attribute 'get_user_profile'. Did you mean: 'update_user_profile'?</failure></testcase><testcase classname="tests.unit.test_auth_service.TestAuthService" name="test_update_user_profile" time="0.709"><failure message="TypeError: AuthService.update_user_profile() takes 1 positional argument but 2 were given">tests\unit\test_auth_service.py:325: in test_update_user_profile
    result = auth_service.update_user_profile(test_user, update_data)
             ^^^^^^^^^^^^^^^^^^^^^^^^^^^^^^^^^^^^^^^^^^^^^^^^^^^^^^^^
E   TypeError: AuthService.update_user_profile() takes 1 positional argument but 2 were given</failure></testcase><testcase classname="tests.unit.test_auth_service.TestAuthService" name="test_deactivate_user" time="0.608"><failure message="TypeError: 'User' object is not subscriptable">tests\unit\test_auth_service.py:340: in test_deactivate_user
    assert result['success'] is True
           ^^^^^^^^^^^^^^^^^
E   TypeError: 'User' object is not subscriptable</failure></testcase><testcase classname="tests.unit.test_database.TestUserModel" name="test_user_creation" time="0.114"><failure message="TypeError: __init__() missing 1 required positional argument: 'password'">tests\unit\test_database.py:19: in test_user_creation
    user = User(
E   TypeError: __init__() missing 1 required positional argument: 'password'</failure></testcase><testcase classname="tests.unit.test_database.TestUserModel" name="test_user_password_hashing" time="0.107"><failure message="TypeError: __init__() missing 1 required positional argument: 'password'">tests\unit\test_database.py:37: in test_user_password_hashing
    user = User(username='testuser', email='test@example.com')
           ^^^^^^^^^^^^^^^^^^^^^^^^^^^^^^^^^^^^^^^^^^^^^^^^^^^
E   TypeError: __init__() missing 1 required positional argument: 'password'</failure></testcase><testcase classname="tests.unit.test_database.TestUserModel" name="test_user_unique_constraints" time="0.130"><failure message="TypeError: __init__() missing 1 required positional argument: 'password'">tests\unit\test_database.py:47: in test_user_unique_constraints
    user1 = User(
E   TypeError: __init__() missing 1 required positional argument: 'password'</failure></testcase><testcase classname="tests.unit.test_database.TestUserModel" name="test_user_serialization" time="0.129"><failure message="TypeError: __init__() missing 1 required positional argument: 'password'">tests\unit\test_database.py:81: in test_user_serialization
    user = User(
E   TypeError: __init__() missing 1 required positional argument: 'password'</failure></testcase><testcase classname="tests.unit.test_database.TestUserModel" name="test_user_relationships" time="0.099"><failure message="TypeError: __init__() missing 1 required positional argument: 'password'">tests\unit\test_database.py:101: in test_user_relationships
    user = User(
E   TypeError: __init__() missing 1 required positional argument: 'password'</failure></testcase><testcase classname="tests.unit.test_database.TestBotModel" name="test_bot_creation" time="0.098"><error message="failed on setup with &quot;file C:\Users\pc\Desktop\trading bots\backend\tests\unit\test_database.py, line 141&#10;      def test_bot_creation(self, app_context, sample_user):&#10;E       fixture 'sample_user' not found&#10;&gt;       available fixtures: active_bot, admin_auth_headers, admin_headers, admin_user, anyio_backend, anyio_backend_name, anyio_backend_options, app, app_context, auth_headers, auth_service, cache, capfd, capfdbinary, caplog, capsys, capsysbinary, capteesys, cleanup_files, cleanup_test_data, client, cov, database_engine, db, db_session, doctest_namespace, free_tcp_port, free_tcp_port_factory, free_udp_port, free_udp_port_factory, mock_email, mock_email_service, mock_exchange_api, mock_redis, mock_stripe, monkeypatch, no_cover, performance_timer, premium_user, pytestconfig, record_property, record_testsuite_property, record_xml_attribute, recwarn, redis_client, request_context, runner, sample_bot_config, sample_bot_data, sample_market_data, sample_trade_data, sample_user_data, session, setup_test_environment, temp_dir, temp_file, test_api_key, test_bot, test_config, test_subscription, test_trade, test_user, tmp_path, tmp_path_factory, tmpdir, tmpdir_factory, trading_service, unverified_user&#10;&gt;       use 'pytest --fixtures [testpath]' for help on them.&#10;&#10;C:\Users\pc\Desktop\trading bots\backend\tests\unit\test_database.py:141&quot;">file C:\Users\pc\Desktop\trading bots\backend\tests\unit\test_database.py, line 141
      def test_bot_creation(self, app_context, sample_user):
E       fixture 'sample_user' not found
&gt;       available fixtures: active_bot, admin_auth_headers, admin_headers, admin_user, anyio_backend, anyio_backend_name, anyio_backend_options, app, app_context, auth_headers, auth_service, cache, capfd, capfdbinary, caplog, capsys, capsysbinary, capteesys, cleanup_files, cleanup_test_data, client, cov, database_engine, db, db_session, doctest_namespace, free_tcp_port, free_tcp_port_factory, free_udp_port, free_udp_port_factory, mock_email, mock_email_service, mock_exchange_api, mock_redis, mock_stripe, monkeypatch, no_cover, performance_timer, premium_user, pytestconfig, record_property, record_testsuite_property, record_xml_attribute, recwarn, redis_client, request_context, runner, sample_bot_config, sample_bot_data, sample_market_data, sample_trade_data, sample_user_data, session, setup_test_environment, temp_dir, temp_file, test_api_key, test_bot, test_config, test_subscription, test_trade, test_user, tmp_path, tmp_path_factory, tmpdir, tmpdir_factory, trading_service, unverified_user
&gt;       use 'pytest --fixtures [testpath]' for help on them.

C:\Users\pc\Desktop\trading bots\backend\tests\unit\test_database.py:141</error></testcase><testcase classname="tests.unit.test_database.TestBotModel" name="test_bot_status_management" time="0.131"><error message="failed on setup with &quot;file C:\Users\pc\Desktop\trading bots\backend\tests\unit\test_database.py, line 167&#10;      def test_bot_status_management(self, app_context, sample_user):&#10;E       fixture 'sample_user' not found&#10;&gt;       available fixtures: active_bot, admin_auth_headers, admin_headers, admin_user, anyio_backend, anyio_backend_name, anyio_backend_options, app, app_context, auth_headers, auth_service, cache, capfd, capfdbinary, caplog, capsys, capsysbinary, capteesys, cleanup_files, cleanup_test_data, client, cov, database_engine, db, db_session, doctest_namespace, free_tcp_port, free_tcp_port_factory, free_udp_port, free_udp_port_factory, mock_email, mock_email_service, mock_exchange_api, mock_redis, mock_stripe, monkeypatch, no_cover, performance_timer, premium_user, pytestconfig, record_property, record_testsuite_property, record_xml_attribute, recwarn, redis_client, request_context, runner, sample_bot_config, sample_bot_data, sample_market_data, sample_trade_data, sample_user_data, session, setup_test_environment, temp_dir, temp_file, test_api_key, test_bot, test_config, test_subscription, test_trade, test_user, tmp_path, tmp_path_factory, tmpdir, tmpdir_factory, trading_service, unverified_user&#10;&gt;       use 'pytest --fixtures [testpath]' for help on them.&#10;&#10;C:\Users\pc\Desktop\trading bots\backend\tests\unit\test_database.py:167&quot;">file C:\Users\pc\Desktop\trading bots\backend\tests\unit\test_database.py, line 167
      def test_bot_status_management(self, app_context, sample_user):
E       fixture 'sample_user' not found
&gt;       available fixtures: active_bot, admin_auth_headers, admin_headers, admin_user, anyio_backend, anyio_backend_name, anyio_backend_options, app, app_context, auth_headers, auth_service, cache, capfd, capfdbinary, caplog, capsys, capsysbinary, capteesys, cleanup_files, cleanup_test_data, client, cov, database_engine, db, db_session, doctest_namespace, free_tcp_port, free_tcp_port_factory, free_udp_port, free_udp_port_factory, mock_email, mock_email_service, mock_exchange_api, mock_redis, mock_stripe, monkeypatch, no_cover, performance_timer, premium_user, pytestconfig, record_property, record_testsuite_property, record_xml_attribute, recwarn, redis_client, request_context, runner, sample_bot_config, sample_bot_data, sample_market_data, sample_trade_data, sample_user_data, session, setup_test_environment, temp_dir, temp_file, test_api_key, test_bot, test_config, test_subscription, test_trade, test_user, tmp_path, tmp_path_factory, tmpdir, tmpdir_factory, trading_service, unverified_user
&gt;       use 'pytest --fixtures [testpath]' for help on them.

C:\Users\pc\Desktop\trading bots\backend\tests\unit\test_database.py:167</error></testcase><testcase classname="tests.unit.test_database.TestBotModel" name="test_bot_config_validation" time="0.088"><error message="failed on setup with &quot;file C:\Users\pc\Desktop\trading bots\backend\tests\unit\test_database.py, line 197&#10;      def test_bot_config_validation(self, app_context, sample_user):&#10;E       fixture 'sample_user' not found&#10;&gt;       available fixtures: active_bot, admin_auth_headers, admin_headers, admin_user, anyio_backend, anyio_backend_name, anyio_backend_options, app, app_context, auth_headers, auth_service, cache, capfd, capfdbinary, caplog, capsys, capsysbinary, capteesys, cleanup_files, cleanup_test_data, client, cov, database_engine, db, db_session, doctest_namespace, free_tcp_port, free_tcp_port_factory, free_udp_port, free_udp_port_factory, mock_email, mock_email_service, mock_exchange_api, mock_redis, mock_stripe, monkeypatch, no_cover, performance_timer, premium_user, pytestconfig, record_property, record_testsuite_property, record_xml_attribute, recwarn, redis_client, request_context, runner, sample_bot_config, sample_bot_data, sample_market_data, sample_trade_data, sample_user_data, session, setup_test_environment, temp_dir, temp_file, test_api_key, test_bot, test_config, test_subscription, test_trade, test_user, tmp_path, tmp_path_factory, tmpdir, tmpdir_factory, trading_service, unverified_user&#10;&gt;       use 'pytest --fixtures [testpath]' for help on them.&#10;&#10;C:\Users\pc\Desktop\trading bots\backend\tests\unit\test_database.py:197&quot;">file C:\Users\pc\Desktop\trading bots\backend\tests\unit\test_database.py, line 197
      def test_bot_config_validation(self, app_context, sample_user):
E       fixture 'sample_user' not found
&gt;       available fixtures: active_bot, admin_auth_headers, admin_headers, admin_user, anyio_backend, anyio_backend_name, anyio_backend_options, app, app_context, auth_headers, auth_service, cache, capfd, capfdbinary, caplog, capsys, capsysbinary, capteesys, cleanup_files, cleanup_test_data, client, cov, database_engine, db, db_session, doctest_namespace, free_tcp_port, free_tcp_port_factory, free_udp_port, free_udp_port_factory, mock_email, mock_email_service, mock_exchange_api, mock_redis, mock_stripe, monkeypatch, no_cover, performance_timer, premium_user, pytestconfig, record_property, record_testsuite_property, record_xml_attribute, recwarn, redis_client, request_context, runner, sample_bot_config, sample_bot_data, sample_market_data, sample_trade_data, sample_user_data, session, setup_test_environment, temp_dir, temp_file, test_api_key, test_bot, test_config, test_subscription, test_trade, test_user, tmp_path, tmp_path_factory, tmpdir, tmpdir_factory, trading_service, unverified_user
&gt;       use 'pytest --fixtures [testpath]' for help on them.

C:\Users\pc\Desktop\trading bots\backend\tests\unit\test_database.py:197</error></testcase><testcase classname="tests.unit.test_database.TestBotModel" name="test_bot_performance_calculation" time="0.105"><error message="failed on setup with &quot;file C:\Users\pc\Desktop\trading bots\backend\tests\unit\test_database.py, line 225&#10;      def test_bot_performance_calculation(self, app_context, sample_user):&#10;E       fixture 'sample_user' not found&#10;&gt;       available fixtures: active_bot, admin_auth_headers, admin_headers, admin_user, anyio_backend, anyio_backend_name, anyio_backend_options, app, app_context, auth_headers, auth_service, cache, capfd, capfdbinary, caplog, capsys, capsysbinary, capteesys, cleanup_files, cleanup_test_data, client, cov, database_engine, db, db_session, doctest_namespace, free_tcp_port, free_tcp_port_factory, free_udp_port, free_udp_port_factory, mock_email, mock_email_service, mock_exchange_api, mock_redis, mock_stripe, monkeypatch, no_cover, performance_timer, premium_user, pytestconfig, record_property, record_testsuite_property, record_xml_attribute, recwarn, redis_client, request_context, runner, sample_bot_config, sample_bot_data, sample_market_data, sample_trade_data, sample_user_data, session, setup_test_environment, temp_dir, temp_file, test_api_key, test_bot, test_config, test_subscription, test_trade, test_user, tmp_path, tmp_path_factory, tmpdir, tmpdir_factory, trading_service, unverified_user&#10;&gt;       use 'pytest --fixtures [testpath]' for help on them.&#10;&#10;C:\Users\pc\Desktop\trading bots\backend\tests\unit\test_database.py:225&quot;">file C:\Users\pc\Desktop\trading bots\backend\tests\unit\test_database.py, line 225
      def test_bot_performance_calculation(self, app_context, sample_user):
E       fixture 'sample_user' not found
&gt;       available fixtures: active_bot, admin_auth_headers, admin_headers, admin_user, anyio_backend, anyio_backend_name, anyio_backend_options, app, app_context, auth_headers, auth_service, cache, capfd, capfdbinary, caplog, capsys, capsysbinary, capteesys, cleanup_files, cleanup_test_data, client, cov, database_engine, db, db_session, doctest_namespace, free_tcp_port, free_tcp_port_factory, free_udp_port, free_udp_port_factory, mock_email, mock_email_service, mock_exchange_api, mock_redis, mock_stripe, monkeypatch, no_cover, performance_timer, premium_user, pytestconfig, record_property, record_testsuite_property, record_xml_attribute, recwarn, redis_client, request_context, runner, sample_bot_config, sample_bot_data, sample_market_data, sample_trade_data, sample_user_data, session, setup_test_environment, temp_dir, temp_file, test_api_key, test_bot, test_config, test_subscription, test_trade, test_user, tmp_path, tmp_path_factory, tmpdir, tmpdir_factory, trading_service, unverified_user
&gt;       use 'pytest --fixtures [testpath]' for help on them.

C:\Users\pc\Desktop\trading bots\backend\tests\unit\test_database.py:225</error></testcase><testcase classname="tests.unit.test_database.TestBotModel" name="test_bot_serialization" time="0.130"><error message="failed on setup with &quot;file C:\Users\pc\Desktop\trading bots\backend\tests\unit\test_database.py, line 272&#10;      def test_bot_serialization(self, app_context, sample_user):&#10;E       fixture 'sample_user' not found&#10;&gt;       available fixtures: active_bot, admin_auth_headers, admin_headers, admin_user, anyio_backend, anyio_backend_name, anyio_backend_options, app, app_context, auth_headers, auth_service, cache, capfd, capfdbinary, caplog, capsys, capsysbinary, capteesys, cleanup_files, cleanup_test_data, client, cov, database_engine, db, db_session, doctest_namespace, free_tcp_port, free_tcp_port_factory, free_udp_port, free_udp_port_factory, mock_email, mock_email_service, mock_exchange_api, mock_redis, mock_stripe, monkeypatch, no_cover, performance_timer, premium_user, pytestconfig, record_property, record_testsuite_property, record_xml_attribute, recwarn, redis_client, request_context, runner, sample_bot_config, sample_bot_data, sample_market_data, sample_trade_data, sample_user_data, session, setup_test_environment, temp_dir, temp_file, test_api_key, test_bot, test_config, test_subscription, test_trade, test_user, tmp_path, tmp_path_factory, tmpdir, tmpdir_factory, trading_service, unverified_user&#10;&gt;       use 'pytest --fixtures [testpath]' for help on them.&#10;&#10;C:\Users\pc\Desktop\trading bots\backend\tests\unit\test_database.py:272&quot;">file C:\Users\pc\Desktop\trading bots\backend\tests\unit\test_database.py, line 272
      def test_bot_serialization(self, app_context, sample_user):
E       fixture 'sample_user' not found
&gt;       available fixtures: active_bot, admin_auth_headers, admin_headers, admin_user, anyio_backend, anyio_backend_name, anyio_backend_options, app, app_context, auth_headers, auth_service, cache, capfd, capfdbinary, caplog, capsys, capsysbinary, capteesys, cleanup_files, cleanup_test_data, client, cov, database_engine, db, db_session, doctest_namespace, free_tcp_port, free_tcp_port_factory, free_udp_port, free_udp_port_factory, mock_email, mock_email_service, mock_exchange_api, mock_redis, mock_stripe, monkeypatch, no_cover, performance_timer, premium_user, pytestconfig, record_property, record_testsuite_property, record_xml_attribute, recwarn, redis_client, request_context, runner, sample_bot_config, sample_bot_data, sample_market_data, sample_trade_data, sample_user_data, session, setup_test_environment, temp_dir, temp_file, test_api_key, test_bot, test_config, test_subscription, test_trade, test_user, tmp_path, tmp_path_factory, tmpdir, tmpdir_factory, trading_service, unverified_user
&gt;       use 'pytest --fixtures [testpath]' for help on them.

C:\Users\pc\Desktop\trading bots\backend\tests\unit\test_database.py:272</error></testcase><testcase classname="tests.unit.test_database.TestTradeModel" name="test_trade_creation" time="0.098"><error message="failed on setup with &quot;file C:\Users\pc\Desktop\trading bots\backend\tests\unit\test_database.py, line 298&#10;      def test_trade_creation(self, app_context, sample_user, sample_bot):&#10;E       fixture 'sample_user' not found&#10;&gt;       available fixtures: active_bot, admin_auth_headers, admin_headers, admin_user, anyio_backend, anyio_backend_name, anyio_backend_options, app, app_context, auth_headers, auth_service, cache, capfd, capfdbinary, caplog, capsys, capsysbinary, capteesys, cleanup_files, cleanup_test_data, client, cov, database_engine, db, db_session, doctest_namespace, free_tcp_port, free_tcp_port_factory, free_udp_port, free_udp_port_factory, mock_email, mock_email_service, mock_exchange_api, mock_redis, mock_stripe, monkeypatch, no_cover, performance_timer, premium_user, pytestconfig, record_property, record_testsuite_property, record_xml_attribute, recwarn, redis_client, request_context, runner, sample_bot_config, sample_bot_data, sample_market_data, sample_trade_data, sample_user_data, session, setup_test_environment, temp_dir, temp_file, test_api_key, test_bot, test_config, test_subscription, test_trade, test_user, tmp_path, tmp_path_factory, tmpdir, tmpdir_factory, trading_service, unverified_user&#10;&gt;       use 'pytest --fixtures [testpath]' for help on them.&#10;&#10;C:\Users\pc\Desktop\trading bots\backend\tests\unit\test_database.py:298&quot;">file C:\Users\pc\Desktop\trading bots\backend\tests\unit\test_database.py, line 298
      def test_trade_creation(self, app_context, sample_user, sample_bot):
E       fixture 'sample_user' not found
&gt;       available fixtures: active_bot, admin_auth_headers, admin_headers, admin_user, anyio_backend, anyio_backend_name, anyio_backend_options, app, app_context, auth_headers, auth_service, cache, capfd, capfdbinary, caplog, capsys, capsysbinary, capteesys, cleanup_files, cleanup_test_data, client, cov, database_engine, db, db_session, doctest_namespace, free_tcp_port, free_tcp_port_factory, free_udp_port, free_udp_port_factory, mock_email, mock_email_service, mock_exchange_api, mock_redis, mock_stripe, monkeypatch, no_cover, performance_timer, premium_user, pytestconfig, record_property, record_testsuite_property, record_xml_attribute, recwarn, redis_client, request_context, runner, sample_bot_config, sample_bot_data, sample_market_data, sample_trade_data, sample_user_data, session, setup_test_environment, temp_dir, temp_file, test_api_key, test_bot, test_config, test_subscription, test_trade, test_user, tmp_path, tmp_path_factory, tmpdir, tmpdir_factory, trading_service, unverified_user
&gt;       use 'pytest --fixtures [testpath]' for help on them.

C:\Users\pc\Desktop\trading bots\backend\tests\unit\test_database.py:298</error></testcase><testcase classname="tests.unit.test_database.TestTradeModel" name="test_trade_calculations" time="0.097"><error message="failed on setup with &quot;file C:\Users\pc\Desktop\trading bots\backend\tests\unit\test_database.py, line 323&#10;      def test_trade_calculations(self, app_context, sample_user, sample_bot):&#10;E       fixture 'sample_user' not found&#10;&gt;       available fixtures: active_bot, admin_auth_headers, admin_headers, admin_user, anyio_backend, anyio_backend_name, anyio_backend_options, app, app_context, auth_headers, auth_service, cache, capfd, capfdbinary, caplog, capsys, capsysbinary, capteesys, cleanup_files, cleanup_test_data, client, cov, database_engine, db, db_session, doctest_namespace, free_tcp_port, free_tcp_port_factory, free_udp_port, free_udp_port_factory, mock_email, mock_email_service, mock_exchange_api, mock_redis, mock_stripe, monkeypatch, no_cover, performance_timer, premium_user, pytestconfig, record_property, record_testsuite_property, record_xml_attribute, recwarn, redis_client, request_context, runner, sample_bot_config, sample_bot_data, sample_market_data, sample_trade_data, sample_user_data, session, setup_test_environment, temp_dir, temp_file, test_api_key, test_bot, test_config, test_subscription, test_trade, test_user, tmp_path, tmp_path_factory, tmpdir, tmpdir_factory, trading_service, unverified_user&#10;&gt;       use 'pytest --fixtures [testpath]' for help on them.&#10;&#10;C:\Users\pc\Desktop\trading bots\backend\tests\unit\test_database.py:323&quot;">file C:\Users\pc\Desktop\trading bots\backend\tests\unit\test_database.py, line 323
      def test_trade_calculations(self, app_context, sample_user, sample_bot):
E       fixture 'sample_user' not found
&gt;       available fixtures: active_bot, admin_auth_headers, admin_headers, admin_user, anyio_backend, anyio_backend_name, anyio_backend_options, app, app_context, auth_headers, auth_service, cache, capfd, capfdbinary, caplog, capsys, capsysbinary, capteesys, cleanup_files, cleanup_test_data, client, cov, database_engine, db, db_session, doctest_namespace, free_tcp_port, free_tcp_port_factory, free_udp_port, free_udp_port_factory, mock_email, mock_email_service, mock_exchange_api, mock_redis, mock_stripe, monkeypatch, no_cover, performance_timer, premium_user, pytestconfig, record_property, record_testsuite_property, record_xml_attribute, recwarn, redis_client, request_context, runner, sample_bot_config, sample_bot_data, sample_market_data, sample_trade_data, sample_user_data, session, setup_test_environment, temp_dir, temp_file, test_api_key, test_bot, test_config, test_subscription, test_trade, test_user, tmp_path, tmp_path_factory, tmpdir, tmpdir_factory, trading_service, unverified_user
&gt;       use 'pytest --fixtures [testpath]' for help on them.

C:\Users\pc\Desktop\trading bots\backend\tests\unit\test_database.py:323</error></testcase><testcase classname="tests.unit.test_database.TestTradeModel" name="test_trade_validation" time="0.096"><error message="failed on setup with &quot;file C:\Users\pc\Desktop\trading bots\backend\tests\unit\test_database.py, line 347&#10;      def test_trade_validation(self, app_context, sample_user, sample_bot):&#10;E       fixture 'sample_user' not found&#10;&gt;       available fixtures: active_bot, admin_auth_headers, admin_headers, admin_user, anyio_backend, anyio_backend_name, anyio_backend_options, app, app_context, auth_headers, auth_service, cache, capfd, capfdbinary, caplog, capsys, capsysbinary, capteesys, cleanup_files, cleanup_test_data, client, cov, database_engine, db, db_session, doctest_namespace, free_tcp_port, free_tcp_port_factory, free_udp_port, free_udp_port_factory, mock_email, mock_email_service, mock_exchange_api, mock_redis, mock_stripe, monkeypatch, no_cover, performance_timer, premium_user, pytestconfig, record_property, record_testsuite_property, record_xml_attribute, recwarn, redis_client, request_context, runner, sample_bot_config, sample_bot_data, sample_market_data, sample_trade_data, sample_user_data, session, setup_test_environment, temp_dir, temp_file, test_api_key, test_bot, test_config, test_subscription, test_trade, test_user, tmp_path, tmp_path_factory, tmpdir, tmpdir_factory, trading_service, unverified_user&#10;&gt;       use 'pytest --fixtures [testpath]' for help on them.&#10;&#10;C:\Users\pc\Desktop\trading bots\backend\tests\unit\test_database.py:347&quot;">file C:\Users\pc\Desktop\trading bots\backend\tests\unit\test_database.py, line 347
      def test_trade_validation(self, app_context, sample_user, sample_bot):
E       fixture 'sample_user' not found
&gt;       available fixtures: active_bot, admin_auth_headers, admin_headers, admin_user, anyio_backend, anyio_backend_name, anyio_backend_options, app, app_context, auth_headers, auth_service, cache, capfd, capfdbinary, caplog, capsys, capsysbinary, capteesys, cleanup_files, cleanup_test_data, client, cov, database_engine, db, db_session, doctest_namespace, free_tcp_port, free_tcp_port_factory, free_udp_port, free_udp_port_factory, mock_email, mock_email_service, mock_exchange_api, mock_redis, mock_stripe, monkeypatch, no_cover, performance_timer, premium_user, pytestconfig, record_property, record_testsuite_property, record_xml_attribute, recwarn, redis_client, request_context, runner, sample_bot_config, sample_bot_data, sample_market_data, sample_trade_data, sample_user_data, session, setup_test_environment, temp_dir, temp_file, test_api_key, test_bot, test_config, test_subscription, test_trade, test_user, tmp_path, tmp_path_factory, tmpdir, tmpdir_factory, trading_service, unverified_user
&gt;       use 'pytest --fixtures [testpath]' for help on them.

C:\Users\pc\Desktop\trading bots\backend\tests\unit\test_database.py:347</error></testcase><testcase classname="tests.unit.test_database.TestTradeModel" name="test_trade_serialization" time="0.120"><error message="failed on setup with &quot;file C:\Users\pc\Desktop\trading bots\backend\tests\unit\test_database.py, line 377&#10;      def test_trade_serialization(self, app_context, sample_user, sample_bot):&#10;E       fixture 'sample_user' not found&#10;&gt;       available fixtures: active_bot, admin_auth_headers, admin_headers, admin_user, anyio_backend, anyio_backend_name, anyio_backend_options, app, app_context, auth_headers, auth_service, cache, capfd, capfdbinary, caplog, capsys, capsysbinary, capteesys, cleanup_files, cleanup_test_data, client, cov, database_engine, db, db_session, doctest_namespace, free_tcp_port, free_tcp_port_factory, free_udp_port, free_udp_port_factory, mock_email, mock_email_service, mock_exchange_api, mock_redis, mock_stripe, monkeypatch, no_cover, performance_timer, premium_user, pytestconfig, record_property, record_testsuite_property, record_xml_attribute, recwarn, redis_client, request_context, runner, sample_bot_config, sample_bot_data, sample_market_data, sample_trade_data, sample_user_data, session, setup_test_environment, temp_dir, temp_file, test_api_key, test_bot, test_config, test_subscription, test_trade, test_user, tmp_path, tmp_path_factory, tmpdir, tmpdir_factory, trading_service, unverified_user&#10;&gt;       use 'pytest --fixtures [testpath]' for help on them.&#10;&#10;C:\Users\pc\Desktop\trading bots\backend\tests\unit\test_database.py:377&quot;">file C:\Users\pc\Desktop\trading bots\backend\tests\unit\test_database.py, line 377
      def test_trade_serialization(self, app_context, sample_user, sample_bot):
E       fixture 'sample_user' not found
&gt;       available fixtures: active_bot, admin_auth_headers, admin_headers, admin_user, anyio_backend, anyio_backend_name, anyio_backend_options, app, app_context, auth_headers, auth_service, cache, capfd, capfdbinary, caplog, capsys, capsysbinary, capteesys, cleanup_files, cleanup_test_data, client, cov, database_engine, db, db_session, doctest_namespace, free_tcp_port, free_tcp_port_factory, free_udp_port, free_udp_port_factory, mock_email, mock_email_service, mock_exchange_api, mock_redis, mock_stripe, monkeypatch, no_cover, performance_timer, premium_user, pytestconfig, record_property, record_testsuite_property, record_xml_attribute, recwarn, redis_client, request_context, runner, sample_bot_config, sample_bot_data, sample_market_data, sample_trade_data, sample_user_data, session, setup_test_environment, temp_dir, temp_file, test_api_key, test_bot, test_config, test_subscription, test_trade, test_user, tmp_path, tmp_path_factory, tmpdir, tmpdir_factory, trading_service, unverified_user
&gt;       use 'pytest --fixtures [testpath]' for help on them.

C:\Users\pc\Desktop\trading bots\backend\tests\unit\test_database.py:377</error></testcase><testcase classname="tests.unit.test_database.TestAPIKeyModel" name="test_api_key_creation" time="0.100"><error message="failed on setup with &quot;file C:\Users\pc\Desktop\trading bots\backend\tests\unit\test_database.py, line 407&#10;      def test_api_key_creation(self, app_context, sample_user):&#10;E       fixture 'sample_user' not found&#10;&gt;       available fixtures: active_bot, admin_auth_headers, admin_headers, admin_user, anyio_backend, anyio_backend_name, anyio_backend_options, app, app_context, auth_headers, auth_service, cache, capfd, capfdbinary, caplog, capsys, capsysbinary, capteesys, cleanup_files, cleanup_test_data, client, cov, database_engine, db, db_session, doctest_namespace, free_tcp_port, free_tcp_port_factory, free_udp_port, free_udp_port_factory, mock_email, mock_email_service, mock_exchange_api, mock_redis, mock_stripe, monkeypatch, no_cover, performance_timer, premium_user, pytestconfig, record_property, record_testsuite_property, record_xml_attribute, recwarn, redis_client, request_context, runner, sample_bot_config, sample_bot_data, sample_market_data, sample_trade_data, sample_user_data, session, setup_test_environment, temp_dir, temp_file, test_api_key, test_bot, test_config, test_subscription, test_trade, test_user, tmp_path, tmp_path_factory, tmpdir, tmpdir_factory, trading_service, unverified_user&#10;&gt;       use 'pytest --fixtures [testpath]' for help on them.&#10;&#10;C:\Users\pc\Desktop\trading bots\backend\tests\unit\test_database.py:407&quot;">file C:\Users\pc\Desktop\trading bots\backend\tests\unit\test_database.py, line 407
      def test_api_key_creation(self, app_context, sample_user):
E       fixture 'sample_user' not found
&gt;       available fixtures: active_bot, admin_auth_headers, admin_headers, admin_user, anyio_backend, anyio_backend_name, anyio_backend_options, app, app_context, auth_headers, auth_service, cache, capfd, capfdbinary, caplog, capsys, capsysbinary, capteesys, cleanup_files, cleanup_test_data, client, cov, database_engine, db, db_session, doctest_namespace, free_tcp_port, free_tcp_port_factory, free_udp_port, free_udp_port_factory, mock_email, mock_email_service, mock_exchange_api, mock_redis, mock_stripe, monkeypatch, no_cover, performance_timer, premium_user, pytestconfig, record_property, record_testsuite_property, record_xml_attribute, recwarn, redis_client, request_context, runner, sample_bot_config, sample_bot_data, sample_market_data, sample_trade_data, sample_user_data, session, setup_test_environment, temp_dir, temp_file, test_api_key, test_bot, test_config, test_subscription, test_trade, test_user, tmp_path, tmp_path_factory, tmpdir, tmpdir_factory, trading_service, unverified_user
&gt;       use 'pytest --fixtures [testpath]' for help on them.

C:\Users\pc\Desktop\trading bots\backend\tests\unit\test_database.py:407</error></testcase><testcase classname="tests.unit.test_database.TestAPIKeyModel" name="test_api_key_secret_hashing" time="0.103"><error message="failed on setup with &quot;file C:\Users\pc\Desktop\trading bots\backend\tests\unit\test_database.py, line 427&#10;      def test_api_key_secret_hashing(self, app_context, sample_user):&#10;E       fixture 'sample_user' not found&#10;&gt;       available fixtures: active_bot, admin_auth_headers, admin_headers, admin_user, anyio_backend, anyio_backend_name, anyio_backend_options, app, app_context, auth_headers, auth_service, cache, capfd, capfdbinary, caplog, capsys, capsysbinary, capteesys, cleanup_files, cleanup_test_data, client, cov, database_engine, db, db_session, doctest_namespace, free_tcp_port, free_tcp_port_factory, free_udp_port, free_udp_port_factory, mock_email, mock_email_service, mock_exchange_api, mock_redis, mock_stripe, monkeypatch, no_cover, performance_timer, premium_user, pytestconfig, record_property, record_testsuite_property, record_xml_attribute, recwarn, redis_client, request_context, runner, sample_bot_config, sample_bot_data, sample_market_data, sample_trade_data, sample_user_data, session, setup_test_environment, temp_dir, temp_file, test_api_key, test_bot, test_config, test_subscription, test_trade, test_user, tmp_path, tmp_path_factory, tmpdir, tmpdir_factory, trading_service, unverified_user&#10;&gt;       use 'pytest --fixtures [testpath]' for help on them.&#10;&#10;C:\Users\pc\Desktop\trading bots\backend\tests\unit\test_database.py:427&quot;">file C:\Users\pc\Desktop\trading bots\backend\tests\unit\test_database.py, line 427
      def test_api_key_secret_hashing(self, app_context, sample_user):
E       fixture 'sample_user' not found
&gt;       available fixtures: active_bot, admin_auth_headers, admin_headers, admin_user, anyio_backend, anyio_backend_name, anyio_backend_options, app, app_context, auth_headers, auth_service, cache, capfd, capfdbinary, caplog, capsys, capsysbinary, capteesys, cleanup_files, cleanup_test_data, client, cov, database_engine, db, db_session, doctest_namespace, free_tcp_port, free_tcp_port_factory, free_udp_port, free_udp_port_factory, mock_email, mock_email_service, mock_exchange_api, mock_redis, mock_stripe, monkeypatch, no_cover, performance_timer, premium_user, pytestconfig, record_property, record_testsuite_property, record_xml_attribute, recwarn, redis_client, request_context, runner, sample_bot_config, sample_bot_data, sample_market_data, sample_trade_data, sample_user_data, session, setup_test_environment, temp_dir, temp_file, test_api_key, test_bot, test_config, test_subscription, test_trade, test_user, tmp_path, tmp_path_factory, tmpdir, tmpdir_factory, trading_service, unverified_user
&gt;       use 'pytest --fixtures [testpath]' for help on them.

C:\Users\pc\Desktop\trading bots\backend\tests\unit\test_database.py:427</error></testcase><testcase classname="tests.unit.test_database.TestAPIKeyModel" name="test_api_key_validation" time="0.296"><error message="failed on setup with &quot;file C:\Users\pc\Desktop\trading bots\backend\tests\unit\test_database.py, line 443&#10;      def test_api_key_validation(self, app_context, sample_user):&#10;E       fixture 'sample_user' not found&#10;&gt;       available fixtures: active_bot, admin_auth_headers, admin_headers, admin_user, anyio_backend, anyio_backend_name, anyio_backend_options, app, app_context, auth_headers, auth_service, cache, capfd, capfdbinary, caplog, capsys, capsysbinary, capteesys, cleanup_files, cleanup_test_data, client, cov, database_engine, db, db_session, doctest_namespace, free_tcp_port, free_tcp_port_factory, free_udp_port, free_udp_port_factory, mock_email, mock_email_service, mock_exchange_api, mock_redis, mock_stripe, monkeypatch, no_cover, performance_timer, premium_user, pytestconfig, record_property, record_testsuite_property, record_xml_attribute, recwarn, redis_client, request_context, runner, sample_bot_config, sample_bot_data, sample_market_data, sample_trade_data, sample_user_data, session, setup_test_environment, temp_dir, temp_file, test_api_key, test_bot, test_config, test_subscription, test_trade, test_user, tmp_path, tmp_path_factory, tmpdir, tmpdir_factory, trading_service, unverified_user&#10;&gt;       use 'pytest --fixtures [testpath]' for help on them.&#10;&#10;C:\Users\pc\Desktop\trading bots\backend\tests\unit\test_database.py:443&quot;">file C:\Users\pc\Desktop\trading bots\backend\tests\unit\test_database.py, line 443
      def test_api_key_validation(self, app_context, sample_user):
E       fixture 'sample_user' not found
&gt;       available fixtures: active_bot, admin_auth_headers, admin_headers, admin_user, anyio_backend, anyio_backend_name, anyio_backend_options, app, app_context, auth_headers, auth_service, cache, capfd, capfdbinary, caplog, capsys, capsysbinary, capteesys, cleanup_files, cleanup_test_data, client, cov, database_engine, db, db_session, doctest_namespace, free_tcp_port, free_tcp_port_factory, free_udp_port, free_udp_port_factory, mock_email, mock_email_service, mock_exchange_api, mock_redis, mock_stripe, monkeypatch, no_cover, performance_timer, premium_user, pytestconfig, record_property, record_testsuite_property, record_xml_attribute, recwarn, redis_client, request_context, runner, sample_bot_config, sample_bot_data, sample_market_data, sample_trade_data, sample_user_data, session, setup_test_environment, temp_dir, temp_file, test_api_key, test_bot, test_config, test_subscription, test_trade, test_user, tmp_path, tmp_path_factory, tmpdir, tmpdir_factory, trading_service, unverified_user
&gt;       use 'pytest --fixtures [testpath]' for help on them.

C:\Users\pc\Desktop\trading bots\backend\tests\unit\test_database.py:443</error></testcase><testcase classname="tests.unit.test_database.TestAPIKeyModel" name="test_api_key_serialization" time="0.116"><error message="failed on setup with &quot;file C:\Users\pc\Desktop\trading bots\backend\tests\unit\test_database.py, line 460&#10;      def test_api_key_serialization(self, app_context, sample_user):&#10;E       fixture 'sample_user' not found&#10;&gt;       available fixtures: active_bot, admin_auth_headers, admin_headers, admin_user, anyio_backend, anyio_backend_name, anyio_backend_options, app, app_context, auth_headers, auth_service, cache, capfd, capfdbinary, caplog, capsys, capsysbinary, capteesys, cleanup_files, cleanup_test_data, client, cov, database_engine, db, db_session, doctest_namespace, free_tcp_port, free_tcp_port_factory, free_udp_port, free_udp_port_factory, mock_email, mock_email_service, mock_exchange_api, mock_redis, mock_stripe, monkeypatch, no_cover, performance_timer, premium_user, pytestconfig, record_property, record_testsuite_property, record_xml_attribute, recwarn, redis_client, request_context, runner, sample_bot_config, sample_bot_data, sample_market_data, sample_trade_data, sample_user_data, session, setup_test_environment, temp_dir, temp_file, test_api_key, test_bot, test_config, test_subscription, test_trade, test_user, tmp_path, tmp_path_factory, tmpdir, tmpdir_factory, trading_service, unverified_user&#10;&gt;       use 'pytest --fixtures [testpath]' for help on them.&#10;&#10;C:\Users\pc\Desktop\trading bots\backend\tests\unit\test_database.py:460&quot;">file C:\Users\pc\Desktop\trading bots\backend\tests\unit\test_database.py, line 460
      def test_api_key_serialization(self, app_context, sample_user):
E       fixture 'sample_user' not found
&gt;       available fixtures: active_bot, admin_auth_headers, admin_headers, admin_user, anyio_backend, anyio_backend_name, anyio_backend_options, app, app_context, auth_headers, auth_service, cache, capfd, capfdbinary, caplog, capsys, capsysbinary, capteesys, cleanup_files, cleanup_test_data, client, cov, database_engine, db, db_session, doctest_namespace, free_tcp_port, free_tcp_port_factory, free_udp_port, free_udp_port_factory, mock_email, mock_email_service, mock_exchange_api, mock_redis, mock_stripe, monkeypatch, no_cover, performance_timer, premium_user, pytestconfig, record_property, record_testsuite_property, record_xml_attribute, recwarn, redis_client, request_context, runner, sample_bot_config, sample_bot_data, sample_market_data, sample_trade_data, sample_user_data, session, setup_test_environment, temp_dir, temp_file, test_api_key, test_bot, test_config, test_subscription, test_trade, test_user, tmp_path, tmp_path_factory, tmpdir, tmpdir_factory, trading_service, unverified_user
&gt;       use 'pytest --fixtures [testpath]' for help on them.

C:\Users\pc\Desktop\trading bots\backend\tests\unit\test_database.py:460</error></testcase><testcase classname="tests.unit.test_database.TestSubscriptionModel" name="test_subscription_creation" time="0.174"><error message="failed on setup with &quot;file C:\Users\pc\Desktop\trading bots\backend\tests\unit\test_database.py, line 485&#10;      def test_subscription_creation(self, app_context, sample_user):&#10;E       fixture 'sample_user' not found&#10;&gt;       available fixtures: active_bot, admin_auth_headers, admin_headers, admin_user, anyio_backend, anyio_backend_name, anyio_backend_options, app, app_context, auth_headers, auth_service, cache, capfd, capfdbinary, caplog, capsys, capsysbinary, capteesys, cleanup_files, cleanup_test_data, client, cov, database_engine, db, db_session, doctest_namespace, free_tcp_port, free_tcp_port_factory, free_udp_port, free_udp_port_factory, mock_email, mock_email_service, mock_exchange_api, mock_redis, mock_stripe, monkeypatch, no_cover, performance_timer, premium_user, pytestconfig, record_property, record_testsuite_property, record_xml_attribute, recwarn, redis_client, request_context, runner, sample_bot_config, sample_bot_data, sample_market_data, sample_trade_data, sample_user_data, session, setup_test_environment, temp_dir, temp_file, test_api_key, test_bot, test_config, test_subscription, test_trade, test_user, tmp_path, tmp_path_factory, tmpdir, tmpdir_factory, trading_service, unverified_user&#10;&gt;       use 'pytest --fixtures [testpath]' for help on them.&#10;&#10;C:\Users\pc\Desktop\trading bots\backend\tests\unit\test_database.py:485&quot;">file C:\Users\pc\Desktop\trading bots\backend\tests\unit\test_database.py, line 485
      def test_subscription_creation(self, app_context, sample_user):
E       fixture 'sample_user' not found
&gt;       available fixtures: active_bot, admin_auth_headers, admin_headers, admin_user, anyio_backend, anyio_backend_name, anyio_backend_options, app, app_context, auth_headers, auth_service, cache, capfd, capfdbinary, caplog, capsys, capsysbinary, capteesys, cleanup_files, cleanup_test_data, client, cov, database_engine, db, db_session, doctest_namespace, free_tcp_port, free_tcp_port_factory, free_udp_port, free_udp_port_factory, mock_email, mock_email_service, mock_exchange_api, mock_redis, mock_stripe, monkeypatch, no_cover, performance_timer, premium_user, pytestconfig, record_property, record_testsuite_property, record_xml_attribute, recwarn, redis_client, request_context, runner, sample_bot_config, sample_bot_data, sample_market_data, sample_trade_data, sample_user_data, session, setup_test_environment, temp_dir, temp_file, test_api_key, test_bot, test_config, test_subscription, test_trade, test_user, tmp_path, tmp_path_factory, tmpdir, tmpdir_factory, trading_service, unverified_user
&gt;       use 'pytest --fixtures [testpath]' for help on them.

C:\Users\pc\Desktop\trading bots\backend\tests\unit\test_database.py:485</error></testcase><testcase classname="tests.unit.test_database.TestSubscriptionModel" name="test_subscription_status_methods" time="0.104"><error message="failed on setup with &quot;file C:\Users\pc\Desktop\trading bots\backend\tests\unit\test_database.py, line 504&#10;      def test_subscription_status_methods(self, app_context, sample_user):&#10;E       fixture 'sample_user' not found&#10;&gt;       available fixtures: active_bot, admin_auth_headers, admin_headers, admin_user, anyio_backend, anyio_backend_name, anyio_backend_options, app, app_context, auth_headers, auth_service, cache, capfd, capfdbinary, caplog, capsys, capsysbinary, capteesys, cleanup_files, cleanup_test_data, client, cov, database_engine, db, db_session, doctest_namespace, free_tcp_port, free_tcp_port_factory, free_udp_port, free_udp_port_factory, mock_email, mock_email_service, mock_exchange_api, mock_redis, mock_stripe, monkeypatch, no_cover, performance_timer, premium_user, pytestconfig, record_property, record_testsuite_property, record_xml_attribute, recwarn, redis_client, request_context, runner, sample_bot_config, sample_bot_data, sample_market_data, sample_trade_data, sample_user_data, session, setup_test_environment, temp_dir, temp_file, test_api_key, test_bot, test_config, test_subscription, test_trade, test_user, tmp_path, tmp_path_factory, tmpdir, tmpdir_factory, trading_service, unverified_user&#10;&gt;       use 'pytest --fixtures [testpath]' for help on them.&#10;&#10;C:\Users\pc\Desktop\trading bots\backend\tests\unit\test_database.py:504&quot;">file C:\Users\pc\Desktop\trading bots\backend\tests\unit\test_database.py, line 504
      def test_subscription_status_methods(self, app_context, sample_user):
E       fixture 'sample_user' not found
&gt;       available fixtures: active_bot, admin_auth_headers, admin_headers, admin_user, anyio_backend, anyio_backend_name, anyio_backend_options, app, app_context, auth_headers, auth_service, cache, capfd, capfdbinary, caplog, capsys, capsysbinary, capteesys, cleanup_files, cleanup_test_data, client, cov, database_engine, db, db_session, doctest_namespace, free_tcp_port, free_tcp_port_factory, free_udp_port, free_udp_port_factory, mock_email, mock_email_service, mock_exchange_api, mock_redis, mock_stripe, monkeypatch, no_cover, performance_timer, premium_user, pytestconfig, record_property, record_testsuite_property, record_xml_attribute, recwarn, redis_client, request_context, runner, sample_bot_config, sample_bot_data, sample_market_data, sample_trade_data, sample_user_data, session, setup_test_environment, temp_dir, temp_file, test_api_key, test_bot, test_config, test_subscription, test_trade, test_user, tmp_path, tmp_path_factory, tmpdir, tmpdir_factory, trading_service, unverified_user
&gt;       use 'pytest --fixtures [testpath]' for help on them.

C:\Users\pc\Desktop\trading bots\backend\tests\unit\test_database.py:504</error></testcase><testcase classname="tests.unit.test_database.TestSubscriptionModel" name="test_subscription_renewal" time="0.111"><error message="failed on setup with &quot;file C:\Users\pc\Desktop\trading bots\backend\tests\unit\test_database.py, line 532&#10;      def test_subscription_renewal(self, app_context, sample_user):&#10;E       fixture 'sample_user' not found&#10;&gt;       available fixtures: active_bot, admin_auth_headers, admin_headers, admin_user, anyio_backend, anyio_backend_name, anyio_backend_options, app, app_context, auth_headers, auth_service, cache, capfd, capfdbinary, caplog, capsys, capsysbinary, capteesys, cleanup_files, cleanup_test_data, client, cov, database_engine, db, db_session, doctest_namespace, free_tcp_port, free_tcp_port_factory, free_udp_port, free_udp_port_factory, mock_email, mock_email_service, mock_exchange_api, mock_redis, mock_stripe, monkeypatch, no_cover, performance_timer, premium_user, pytestconfig, record_property, record_testsuite_property, record_xml_attribute, recwarn, redis_client, request_context, runner, sample_bot_config, sample_bot_data, sample_market_data, sample_trade_data, sample_user_data, session, setup_test_environment, temp_dir, temp_file, test_api_key, test_bot, test_config, test_subscription, test_trade, test_user, tmp_path, tmp_path_factory, tmpdir, tmpdir_factory, trading_service, unverified_user&#10;&gt;       use 'pytest --fixtures [testpath]' for help on them.&#10;&#10;C:\Users\pc\Desktop\trading bots\backend\tests\unit\test_database.py:532&quot;">file C:\Users\pc\Desktop\trading bots\backend\tests\unit\test_database.py, line 532
      def test_subscription_renewal(self, app_context, sample_user):
E       fixture 'sample_user' not found
&gt;       available fixtures: active_bot, admin_auth_headers, admin_headers, admin_user, anyio_backend, anyio_backend_name, anyio_backend_options, app, app_context, auth_headers, auth_service, cache, capfd, capfdbinary, caplog, capsys, capsysbinary, capteesys, cleanup_files, cleanup_test_data, client, cov, database_engine, db, db_session, doctest_namespace, free_tcp_port, free_tcp_port_factory, free_udp_port, free_udp_port_factory, mock_email, mock_email_service, mock_exchange_api, mock_redis, mock_stripe, monkeypatch, no_cover, performance_timer, premium_user, pytestconfig, record_property, record_testsuite_property, record_xml_attribute, recwarn, redis_client, request_context, runner, sample_bot_config, sample_bot_data, sample_market_data, sample_trade_data, sample_user_data, session, setup_test_environment, temp_dir, temp_file, test_api_key, test_bot, test_config, test_subscription, test_trade, test_user, tmp_path, tmp_path_factory, tmpdir, tmpdir_factory, trading_service, unverified_user
&gt;       use 'pytest --fixtures [testpath]' for help on them.

C:\Users\pc\Desktop\trading bots\backend\tests\unit\test_database.py:532</error></testcase><testcase classname="tests.unit.test_database.TestDatabaseManager" name="test_database_initialization" time="0.139"><failure message="AttributeError: 'NoneType' object has no attribute 'app_context'">tests\unit\test_database.py:562: in test_database_initialization
    db_manager.create_tables()
database.py:28: in create_tables
    with self.app.app_context():
         ^^^^^^^^^^^^^^^^^^^^
E   AttributeError: 'NoneType' object has no attribute 'app_context'</failure></testcase><testcase classname="tests.unit.test_database.TestDatabaseManager" name="test_database_backup_restore" time="0.101"><failure message="TypeError: __init__() missing 1 required positional argument: 'password'">tests\unit\test_database.py:577: in test_database_backup_restore
    user = User(
E   TypeError: __init__() missing 1 required positional argument: 'password'</failure></testcase><testcase classname="tests.unit.test_database.TestDatabaseManager" name="test_database_migration" time="0.107"><failure message="AttributeError: module 'app' has no attribute 'database'">tests\unit\test_database.py:598: in test_database_migration
    with patch('app.database.DatabaseManager.run_migrations') as mock_migrate:
         ^^^^^^^^^^^^^^^^^^^^^^^^^^^^^^^^^^^^^^^^^^^^^^^^^^^^
..\..\..\AppData\Local\Programs\Python\Python313\Lib\unittest\mock.py:1481: in __enter__
    self.target = self.getter()
                  ^^^^^^^^^^^^^
..\..\..\AppData\Local\Programs\Python\Python313\Lib\pkgutil.py:528: in resolve_name
    result = getattr(result, p)
             ^^^^^^^^^^^^^^^^^^
E   AttributeError: module 'app' has no attribute 'database'</failure></testcase><testcase classname="tests.unit.test_database.TestDatabaseManager" name="test_database_health_check" time="0.108"><failure message="AttributeError: 'DatabaseManager' object has no attribute 'health_check'">tests\unit\test_database.py:609: in test_database_health_check
    health_status = db_manager.health_check()
                    ^^^^^^^^^^^^^^^^^^^^^^^
E   AttributeError: 'DatabaseManager' object has no attribute 'health_check'</failure></testcase><testcase classname="tests.unit.test_database.TestDatabaseManager" name="test_database_cleanup" time="0.152"><failure message="TypeError: __init__() missing 2 required positional arguments: 'symbol' and 'trade_type'">tests\unit\test_database.py:621: in test_database_cleanup
    old_trade = Trade(
E   TypeError: __init__() missing 2 required positional arguments: 'symbol' and 'trade_type'</failure></testcase><testcase classname="tests.unit.test_database.TestDatabaseIntegration" name="test_user_bot_trade_relationship" time="0.102"><failure message="TypeError: __init__() missing 1 required positional argument: 'password'">tests\unit\test_database.py:649: in test_user_bot_trade_relationship
    user = User(
E   TypeError: __init__() missing 1 required positional argument: 'password'</failure></testcase><testcase classname="tests.unit.test_database.TestDatabaseIntegration" name="test_concurrent_database_operations" time="0.367"><failure message="assert 0 == 5&#10; +  where 0 = len([])">tests\unit\test_database.py:728: in test_concurrent_database_operations
    assert len(results) == 5
E   assert 0 == 5
E    +  where 0 = len([])</failure></testcase><testcase classname="tests.unit.test_database.TestDatabaseIntegration" name="test_transaction_rollback" time="0.143"><failure message="TypeError: __init__() missing 1 required positional argument: 'password'">tests\unit\test_database.py:734: in test_transaction_rollback
    user = User(
E   TypeError: __init__() missing 1 required positional argument: 'password'</failure></testcase><testcase classname="tests.unit.test_models.test_bot.TestBotModel" name="test_create_bot" time="0.525"><failure message="TypeError: __init__() missing 2 required positional arguments: 'symbol' and 'base_amount'">tests\unit\test_models\test_bot.py:18: in test_create_bot
    bot = Bot(
E   TypeError: __init__() missing 2 required positional arguments: 'symbol' and 'base_amount'</failure></testcase><testcase classname="tests.unit.test_models.test_bot.TestBotModel" name="test_bot_user_relationship" time="0.558"><failure message="TypeError: __init__() missing 2 required positional arguments: 'symbol' and 'base_amount'">tests\unit\test_models\test_bot.py:43: in test_bot_user_relationship
    bot = Bot(
E   TypeError: __init__() missing 2 required positional arguments: 'symbol' and 'base_amount'</failure></testcase><testcase classname="tests.unit.test_models.test_bot.TestBotModel" name="test_bot_name_unique_per_user" time="0.516"><failure message="TypeError: __init__() missing 2 required positional arguments: 'symbol' and 'base_amount'">tests\unit\test_models\test_bot.py:56: in test_bot_name_unique_per_user
    bot1 = Bot(
E   TypeError: __init__() missing 2 required positional arguments: 'symbol' and 'base_amount'</failure></testcase><testcase classname="tests.unit.test_models.test_bot.TestBotModel" name="test_bot_repr" time="0.617"><failure message="TypeError: __init__() missing 2 required positional arguments: 'symbol' and 'base_amount'">tests\unit\test_models\test_bot.py:76: in test_bot_repr
    bot = Bot(
E   TypeError: __init__() missing 2 required positional arguments: 'symbol' and 'base_amount'</failure></testcase><testcase classname="tests.unit.test_models.test_bot.TestBotModel" name="test_bot_to_dict" time="0.697"><failure message="TypeError: __init__() missing 2 required positional arguments: 'symbol' and 'base_amount'">tests\unit\test_models\test_bot.py:88: in test_bot_to_dict
    bot = Bot(
E   TypeError: __init__() missing 2 required positional arguments: 'symbol' and 'base_amount'</failure></testcase><testcase classname="tests.unit.test_models.test_bot.TestBotModel" name="test_bot_start_stop" time="0.482"><failure message="TypeError: __init__() missing 2 required positional arguments: 'symbol' and 'base_amount'">tests\unit\test_models\test_bot.py:113: in test_bot_start_stop
    bot = Bot(
E   TypeError: __init__() missing 2 required positional arguments: 'symbol' and 'base_amount'</failure></testcase><testcase classname="tests.unit.test_models.test_bot.TestBotModel" name="test_bot_performance_calculation" time="0.634"><failure message="TypeError: __init__() missing 2 required positional arguments: 'symbol' and 'base_amount'">tests\unit\test_models\test_bot.py:142: in test_bot_performance_calculation
    bot = Bot(
E   TypeError: __init__() missing 2 required positional arguments: 'symbol' and 'base_amount'</failure></testcase><testcase classname="tests.unit.test_models.test_bot.TestBotModel" name="test_bot_risk_management" time="0.686"><failure message="TypeError: __init__() missing 2 required positional arguments: 'symbol' and 'base_amount'">tests\unit\test_models\test_bot.py:184: in test_bot_risk_management
    bot = Bot(
E   TypeError: __init__() missing 2 required positional arguments: 'symbol' and 'base_amount'</failure></testcase><testcase classname="tests.unit.test_models.test_bot.TestBotModel" name="test_bot_config_validation" time="0.521"><failure message="TypeError: __init__() missing 2 required positional arguments: 'symbol' and 'base_amount'">tests\unit\test_models\test_bot.py:219: in test_bot_config_validation
    bot = Bot(
E   TypeError: __init__() missing 2 required positional arguments: 'symbol' and 'base_amount'</failure></testcase><testcase classname="tests.unit.test_models.test_bot.TestBotModel" name="test_bot_status_tracking" time="0.689"><failure message="TypeError: __init__() missing 2 required positional arguments: 'symbol' and 'base_amount'">tests\unit\test_models\test_bot.py:241: in test_bot_status_tracking
    bot = Bot(
[...]
    bot = Bot(
E   TypeError: __init__() missing 2 required positional arguments: 'symbol' and 'base_amount'</error></testcase><testcase classname="tests.unit.test_services.test_trading_service.TestTradingService" name="test_emergency_stop_all_bots" time="0.531"><error message="failed on setup with &quot;AttributeError: module 'services' has no attribute 'exchange_api'&quot;">tests\conftest.py:331: in mock_exchange_api
    with patch('services.exchange_api.ExchangeAPI') as mock:
         ^^^^^^^^^^^^^^^^^^^^^^^^^^^^^^^^^^^^^^^^^^
..\..\..\AppData\Local\Programs\Python\Python313\Lib\unittest\mock.py:1481: in __enter__
    self.target = self.getter()
                  ^^^^^^^^^^^^^
..\..\..\AppData\Local\Programs\Python\Python313\Lib\pkgutil.py:528: in resolve_name
    result = getattr(result, p)
             ^^^^^^^^^^^^^^^^^^
E   AttributeError: module 'services' has no attribute 'exchange_api'</error></testcase><testcase classname="tests.unit.test_trading_service.TestTradingService" name="test_create_bot_success" time="0.993" /><testcase classname="tests.unit.test_trading_service.TestTradingService" name="test_create_bot_invalid_api_key" time="0.574"><failure message="ValueError: Invalid or inactive API key">tests\unit\test_trading_service.py:60: in test_create_bot_invalid_api_key
    result = trading_service.create_bot(test_user.id, bot_data)
             ^^^^^^^^^^^^^^^^^^^^^^^^^^^^^^^^^^^^^^^^^^^^^^^^^^
services\trading_service.py:47: in create_bot
    raise ValueError("Invalid or inactive API key")
E   ValueError: Invalid or inactive API key</failure></testcase><testcase classname="tests.unit.test_trading_service.TestTradingService" name="test_start_bot_success" time="0.567"><error message="failed on setup with &quot;TypeError: __init__() missing 2 required positional arguments: 'symbol' and 'base_amount'&quot;">tests\conftest.py:232: in test_bot
    bot = Bot(
E   TypeError: __init__() missing 2 required positional arguments: 'symbol' and 'base_amount'</error></testcase><testcase classname="tests.unit.test_trading_service.TestTradingService" name="test_start_bot_already_active" time="0.582"><error message="failed on setup with &quot;TypeError: __init__() missing 2 required positional arguments: 'symbol' and 'base_amount'&quot;">tests\conftest.py:232: in test_bot
    bot = Bot(
E   TypeError: __init__() missing 2 required positional arguments: 'symbol' and 'base_amount'</error></testcase><testcase classname="tests.unit.test_trading_service.TestTradingService" name="test_stop_bot_success" time="0.752"><error message="failed on setup with &quot;TypeError: __init__() missing 2 required positional arguments: 'symbol' and 'base_amount'&quot;">tests\conftest.py:232: in test_bot
    bot = Bot(
E   TypeError: __init__() missing 2 required positional arguments: 'symbol' and 'base_amount'</error></testcase><testcase classname="tests.unit.test_trading_service.TestTradingService" name="test_stop_bot_not_active" time="0.511"><error message="failed on setup with &quot;TypeError: __init__() missing 2 required positional arguments: 'symbol' and 'base_amount'&quot;">tests\conftest.py:232: in test_bot
    bot = Bot(
E   TypeError: __init__() missing 2 required positional arguments: 'symbol' and 'base_amount'</error></testcase><testcase classname="tests.unit.test_trading_service.TestTradingService" name="test_execute_trade_buy_success" time="0.680"><error message="failed on setup with &quot;TypeError: __init__() missing 2 required positional arguments: 'symbol' and 'base_amount'&quot;">tests\conftest.py:232: in test_bot
    bot = Bot(
E   TypeError: __init__() missing 2 required positional arguments: 'symbol' and 'base_amount'</error></testcase><testcase classname="tests.unit.test_trading_service.TestTradingService" name="test_execute_trade_insufficient_balance" time="0.625"><error message="failed on setup with &quot;TypeError: __init__() missing 2 required positional arguments: 'symbol' and 'base_amount'&quot;">tests\conftest.py:232: in test_bot
    bot = Bot(
E   TypeError: __init__() missing 2 required positional arguments: 'symbol' and 'base_amount'</error></testcase><testcase classname="tests.unit.test_trading_service.TestTradingService" name="test_execute_trade_exchange_error" time="0.570"><error message="failed on setup with &quot;TypeError: __init__() missing 2 required positional arguments: 'symbol' and 'base_amount'&quot;">tests\conftest.py:232: in test_bot
    bot = Bot(
E   TypeError: __init__() missing 2 required positional arguments: 'symbol' and 'base_amount'</error></testcase><testcase classname="tests.unit.test_trading_service.TestTradingService" name="test_get_market_data_success" time="0.104"><failure message="AttributeError: &lt;services.trading_service.TradingService object at 0x0000023AE49687D0&gt; does not have the attribute '_get_exchange_client'">tests\unit\test_trading_service.py:202: in test_get_market_data_success
    with patch.object(trading_service, '_get_exchange_client') as mock_exchange:
         ^^^^^^^^^^^^^^^^^^^^^^^^^^^^^^^^^^^^^^^^^^^^^^^^^^^^^
..\..\..\AppData\Local\Programs\Python\Python313\Lib\unittest\mock.py:1497: in __enter__
    original, local = self.get_original()
                      ^^^^^^^^^^^^^^^^^^^
..\..\..\AppData\Local\Programs\Python\Python313\Lib\unittest\mock.py:1467: in get_original
    raise AttributeError(
E   AttributeError: &lt;services.trading_service.TradingService object at 0x0000023AE49687D0&gt; does not have the attribute '_get_exchange_client'</failure></testcase><testcase classname="tests.unit.test_trading_service.TestTradingService" name="test_get_market_data_error" time="0.119"><failure message="AttributeError: &lt;services.trading_service.TradingService object at 0x0000023AE4884B00&gt; does not have the attribute '_get_exchange_client'">tests\unit\test_trading_service.py:215: in test_get_market_data_error
    with patch.object(trading_service, '_get_exchange_client') as mock_exchange:
         ^^^^^^^^^^^^^^^^^^^^^^^^^^^^^^^^^^^^^^^^^^^^^^^^^^^^^
..\..\..\AppData\Local\Programs\Python\Python313\Lib\unittest\mock.py:1497: in __enter__
    original, local = self.get_original()
                      ^^^^^^^^^^^^^^^^^^^
..\..\..\AppData\Local\Programs\Python\Python313\Lib\unittest\mock.py:1467: in get_original
    raise AttributeError(
E   AttributeError: &lt;services.trading_service.TradingService object at 0x0000023AE4884B00&gt; does not have the attribute '_get_exchange_client'</failure></testcase><testcase classname="tests.unit.test_trading_service.TestTradingService" name="test_get_bot_performance" time="0.525"><error message="failed on setup with &quot;TypeError: __init__() missing 2 required positional arguments: 'symbol' and 'base_amount'&quot;">tests\conftest.py:232: in test_bot
    bot = Bot(
E   TypeError: __init__() missing 2 required positional arguments: 'symbol' and 'base_amount'</error></testcase><testcase classname="tests.unit.test_trading_service.TestTradingService" name="test_update_bot_configuration" time="0.941"><error message="failed on setup with &quot;TypeError: __init__() missing 2 required positional arguments: 'symbol' and 'base_amount'&quot;">tests\conftest.py:232: in test_bot
    bot = Bot(
E   TypeError: __init__() missing 2 required positional arguments: 'symbol' and 'base_amount'</error></testcase><testcase classname="tests.unit.test_trading_service.TestTradingService" name="test_delete_bot_success" time="0.634"><error message="failed on setup with &quot;TypeError: __init__() missing 2 required positional arguments: 'symbol' and 'base_amount'&quot;">tests\conftest.py:232: in test_bot
    bot = Bot(
E   TypeError: __init__() missing 2 required positional arguments: 'symbol' and 'base_amount'</error></testcase><testcase classname="tests.unit.test_trading_service.TestTradingService" name="test_delete_bot_active" time="0.537"><error message="failed on setup with &quot;TypeError: __init__() missing 2 required positional arguments: 'symbol' and 'base_amount'&quot;">tests\conftest.py:232: in test_bot
    bot = Bot(
E   TypeError: __init__() missing 2 required positional arguments: 'symbol' and 'base_amount'</error></testcase><testcase classname="tests.unit.test_trading_service.TestTradingService" name="test_get_trade_history" time="0.528"><error message="failed on setup with &quot;TypeError: __init__() missing 2 required positional arguments: 'symbol' and 'base_amount'&quot;">tests\conftest.py:232: in test_bot
    bot = Bot(
E   TypeError: __init__() missing 2 required positional arguments: 'symbol' and 'base_amount'</error></testcase><testcase classname="tests.unit.test_trading_service.TestTradingService" name="test_calculate_risk_metrics" time="0.555"><error message="failed on setup with &quot;TypeError: __init__() missing 2 required positional arguments: 'symbol' and 'base_amount'&quot;">tests\conftest.py:232: in test_bot
    bot = Bot(
E   TypeError: __init__() missing 2 required positional arguments: 'symbol' and 'base_amount'</error></testcase><testcase classname="tests.unit.test_trading_service.TestTradingService" name="test_backtest_strategy" time="0.625"><error message="failed on setup with &quot;TypeError: __init__() missing 2 required positional arguments: 'symbol' and 'base_amount'&quot;">tests\conftest.py:232: in test_bot
    bot = Bot(
E   TypeError: __init__() missing 2 required positional arguments: 'symbol' and 'base_amount'</error></testcase><testcase classname="tests.unit.test_trading_service.TestTradingService" name="test_get_portfolio_summary" time="0.572"><failure message="AttributeError: 'TradingService' object has no attribute 'get_portfolio_summary'">tests\unit\test_trading_service.py:370: in test_get_portfolio_summary
    result = trading_service.get_portfolio_summary(test_user.id)
             ^^^^^^^^^^^^^^^^^^^^^^^^^^^^^^^^^^^^^
E   AttributeError: 'TradingService' object has no attribute 'get_portfolio_summary'</failure></testcase><testcase classname="tests.unit.test_trading_service.TestTradingService" name="test_validate_trading_parameters" time="0.122"><failure message="AttributeError: 'TradingService' object has no attribute '_validate_trading_parameters'. Did you mean: 'validate_trading_pair'?">tests\unit\test_trading_service.py:389: in test_validate_trading_parameters
    result = trading_service._validate_trading_parameters(valid_params)
             ^^^^^^^^^^^^^^^^^^^^^^^^^^^^^^^^^^^^^^^^^^^^
E   AttributeError: 'TradingService' object has no attribute '_validate_trading_parameters'. Did you mean: 'validate_trading_pair'?</failure></testcase><testcase classname="tests.unit.test_utils.TestValidators" name="test_validate_email_valid" time="0.005" /><testcase classname="tests.unit.test_utils.TestValidators" name="test_validate_email_invalid" time="0.003"><failure message="AssertionError: assert True is False&#10; +  where True = validate_email('user..double.dot@domain.com')">tests\unit\test_utils.py:63: in test_validate_email_invalid
    assert validate_email(email) is False
E   AssertionError: assert True is False
E    +  where True = validate_email('user..double.dot@domain.com')</failure></testcase><testcase classname="tests.unit.test_utils.TestValidators" name="test_validate_password_valid" time="0.004"><failure message="TypeError: tuple indices must be integers or slices, not str">tests\unit\test_utils.py:76: in test_validate_password_valid
    assert result['valid'] is True
           ^^^^^^^^^^^^^^^
E   TypeError: tuple indices must be integers or slices, not str</failure></testcase><testcase classname="tests.unit.test_utils.TestValidators" name="test_validate_password_invalid" time="0.003"><failure message="TypeError: tuple indices must be integers or slices, not str">tests\unit\test_utils.py:91: in test_validate_password_invalid
    assert result['valid'] is False
           ^^^^^^^^^^^^^^^
E   TypeError: tuple indices must be integers or slices, not str</failure></testcase><testcase classname="tests.unit.test_utils.TestValidators" name="test_validate_trading_pair_valid" time="0.004"><failure message="AssertionError: assert False is True&#10; +  where False = validate_trading_pair('BTCUSDT')">tests\unit\test_utils.py:106: in test_validate_trading_pair_valid
    assert validate_trading_pair(pair) is True
E   AssertionError: assert False is True
E    +  where False = validate_trading_pair('BTCUSDT')</failure></testcase><testcase classname="tests.unit.test_utils.TestValidators" name="test_validate_trading_pair_invalid" time="0.003" /><testcase classname="tests.unit.test_utils.TestValidators" name="test_validate_decimal_amount_valid" time="0.004"><failure message="TypeError: tuple indices must be integers or slices, not str">tests\unit\test_utils.py:133: in test_validate_decimal_amount_valid
    assert result['valid'] is True
           ^^^^^^^^^^^^^^^
E   TypeError: tuple indices must be integers or slices, not str</failure></testcase><testcase classname="tests.unit.test_utils.TestValidators" name="test_validate_decimal_amount_invalid" time="0.003"><failure message="TypeError: tuple indices must be integers or slices, not str">tests\unit\test_utils.py:148: in test_validate_decimal_amount_invalid
    assert result['valid'] is False
           ^^^^^^^^^^^^^^^
E   TypeError: tuple indices must be integers or slices, not str</failure></testcase><testcase classname="tests.unit.test_utils.TestValidators" name="test_validate_api_key_format_valid" time="0.006" /><testcase classname="tests.unit.test_utils.TestValidators" name="test_validate_api_key_format_invalid" time="0.004"><failure message="AssertionError: assert True is False&#10; +  where True = validate_api_key_format('toolongapikeythatexceedsmaximumlength1234567890')">tests\unit\test_utils.py:172: in test_validate_api_key_format_invalid
    assert validate_api_key_format(key) is False
E   AssertionError: assert True is False
E    +  where True = validate_api_key_format('toolongapikeythatexceedsmaximumlength1234567890')</failure></testcase><testcase classname="tests.unit.test_utils.TestFormatters" name="test_format_currency" time="0.006"><failure message="AssertionError: assert '€1,000.00' in '€1000.00'">tests\unit\test_utils.py:189: in test_format_currency
    assert expected in result
E   AssertionError: assert '€1,000.00' in '€1000.00'</failure></testcase><testcase classname="tests.unit.test_utils.TestFormatters" name="test_format_percentage" time="0.005"><failure message="AssertionError: assert '+12.34%' == '12.34%'&#10;  &#10;  - 12.34%&#10;  + +12.34%&#10;  ? +">tests\unit\test_utils.py:202: in test_format_percentage
    assert result == expected
E   AssertionError: assert '+12.34%' == '12.34%'
E     
E     - 12.34%
E     + +12.34%
E     ? +</failure></testcase><testcase classname="tests.unit.test_utils.TestFormatters" name="test_format_datetime" time="0.003" /><testcase classname="tests.unit.test_utils.TestFormatters" name="test_format_trade_data" time="0.006"><failure message="TypeError: argument of type 'decimal.Decimal' is not iterable">tests\unit\test_utils.py:228: in test_format_trade_data
    assert '$50,000.00' in formatted['price']
           ^^^^^^^^^^^^^^^^^^^^^^^^^^^^^^^^^^
E   TypeError: argument of type 'decimal.Decimal' is not iterable</failure></testcase><testcase classname="tests.unit.test_utils.TestSecurity" name="test_generate_api_key" time="0.006" /><testcase classname="tests.unit.test_utils.TestSecurity" name="test_hash_and_verify_api_secret" time="0.003" /><testcase classname="tests.unit.test_utils.TestSecurity" name="test_encrypt_decrypt_sensitive_data" time="0.058" /><testcase classname="tests.unit.test_utils.TestSecurity" name="test_encrypt_decrypt_with_key" time="0.003"><failure message="TypeError: encrypt_sensitive_data() takes 1 positional argument but 2 were given">tests\unit\test_utils.py:277: in test_encrypt_decrypt_with_key
    encrypted = encrypt_sensitive_data(data, key)
                ^^^^^^^^^^^^^^^^^^^^^^^^^^^^^^^^^
E   TypeError: encrypt_sensitive_data() takes 1 positional argument but 2 were given</failure></testcase><testcase classname="tests.unit.test_utils.TestCalculations" name="test_calculate_profit_loss" time="0.005"><failure message="ValueError: Side must be 'buy' or 'sell'">tests\unit\test_utils.py:297: in test_calculate_profit_loss
    pnl = calculate_profit_loss(buy_price, sell_price, quantity, 'long')
          ^^^^^^^^^^^^^^^^^^^^^^^^^^^^^^^^^^^^^^^^^^^^^^^^^^^^^^^^^^^^^^
utils\calculations.py:25: in calculate_profit_loss
    raise ValueError("Side must be 'buy' or 'sell'")
E   ValueError: Side must be 'buy' or 'sell'</failure></testcase><testcase classname="tests.unit.test_utils.TestCalculations" name="test_calculate_win_rate" time="0.003"><failure message="assert 0.0 == 100.0">tests\unit\test_utils.py:314: in test_calculate_win_rate
    assert win_rate == 100.0
E   assert 0.0 == 100.0</failure></testcase><testcase classname="tests.unit.test_utils.TestCalculations" name="test_calculate_sharpe_ratio" time="0.004"><failure message="assert -0.525200786615365 &gt; 0">tests\unit\test_utils.py:332: in test_calculate_sharpe_ratio
    assert sharpe &gt; 0  # Should be positive for profitable strategy
    ^^^^^^^^^^^^^^^^^
E   assert -0.525200786615365 &gt; 0</failure></testcase><testcase classname="tests.unit.test_utils.TestCalculations" name="test_calculate_max_drawdown" time="0.003"><failure message="assert 18.181818181818183 &lt; 0">tests\unit\test_utils.py:340: in test_calculate_max_drawdown
    assert max_dd &lt; 0  # Drawdown should be negative
    ^^^^^^^^^^^^^^^^^
E   assert 18.181818181818183 &lt; 0</failure></testcase><testcase classname="tests.unit.test_utils.TestCalculations" name="test_calculate_portfolio_value" time="0.004"><failure message="TypeError: calculate_portfolio_value() missing 1 required positional argument: 'current_prices'">tests\unit\test_utils.py:351: in test_calculate_portfolio_value
    total_value = calculate_portfolio_value(positions)
                  ^^^^^^^^^^^^^^^^^^^^^^^^^^^^^^^^^^^^
E   TypeError: calculate_portfolio_value() missing 1 required positional argument: 'current_prices'</failure></testcase><testcase classname="tests.unit.test_utils.TestCalculations" name="test_calculate_portfolio_value_empty" time="0.004"><failure message="TypeError: calculate_portfolio_value() missing 1 required positional argument: 'current_prices'">tests\unit\test_utils.py:357: in test_calculate_portfolio_value_empty
    total_value = calculate_portfolio_value([])
                  ^^^^^^^^^^^^^^^^^^^^^^^^^^^^^
E   TypeError: calculate_portfolio_value() missing 1 required positional argument: 'current_prices'</failure></testcase><testcase classname="tests.unit.test_utils.TestUtilityIntegration" name="test_trade_processing_pipeline" time="0.004"><failure message="AssertionError: assert False&#10; +  where False = validate_trading_pair('BTCUSDT')">tests\unit\test_utils.py:377: in test_trade_processing_pipeline
    assert validate_trading_pair(symbol)
E   AssertionError: assert False
E    +  where False = validate_trading_pair('BTCUSDT')</failure></testcase><testcase classname="tests.unit.test_utils.TestUtilityIntegration" name="test_security_workflow" time="0.005" /><testcase classname="tests.unit.test_utils.TestUtilityIntegration" name="test_performance_calculation_workflow" time="0.036"><failure message="ValueError: Side must be 'buy' or 'sell'">tests\unit\test_utils.py:437: in test_performance_calculation_workflow
    pnl = calculate_profit_loss(
utils\calculations.py:25: in calculate_profit_loss
    raise ValueError("Side must be 'buy' or 'sell'")
E   ValueError: Side must be 'buy' or 'sell'</failure></testcase></testsuite></testsuites>